2024-05-10T00:41:51.552+05:30  INFO 12528 --- [RMI TCP Connection(90)-127.0.0.1] inMXBeanRegistrar$SpringApplicationAdmin : Application shutdown requested.
2024-05-10T00:41:51.620+05:30  INFO 12528 --- [RMI TCP Connection(90)-127.0.0.1] j.LocalContainerEntityManagerFactoryBean : Closing JPA EntityManagerFactory for persistence unit 'default'
2024-05-10T00:41:51.627+05:30  INFO 12528 --- [RMI TCP Connection(90)-127.0.0.1] com.zaxxer.hikari.HikariDataSource       : HikariPool-1 - Shutdown initiated...
2024-05-10T00:41:51.651+05:30  INFO 12528 --- [RMI TCP Connection(90)-127.0.0.1] com.zaxxer.hikari.HikariDataSource       : HikariPool-1 - Shutdown completed.
2024-05-10T15:58:22.835+05:30  INFO 16212 --- [restartedMain] com.cafe.CafeManagementApplication       : Starting CafeManagementApplication using Java 17.0.10 with PID 16212 (D:\Project\Cafe-Management\CafeManagmentBackend\Cafe_Management\target\classes started by abhay in D:\Project\Cafe-Management\CafeManagmentBackend\Cafe_Management)
2024-05-10T15:58:22.846+05:30  INFO 16212 --- [restartedMain] com.cafe.CafeManagementApplication       : No active profile set, falling back to 1 default profile: "default"
2024-05-10T15:58:22.994+05:30  INFO 16212 --- [restartedMain] .e.DevToolsPropertyDefaultsPostProcessor : Devtools property defaults active! Set 'spring.devtools.add-properties' to 'false' to disable
2024-05-10T15:58:22.995+05:30  INFO 16212 --- [restartedMain] .e.DevToolsPropertyDefaultsPostProcessor : For additional web related logging consider setting the 'logging.level.web' property to 'DEBUG'
2024-05-10T15:58:24.690+05:30  INFO 16212 --- [restartedMain] .s.d.r.c.RepositoryConfigurationDelegate : Bootstrapping Spring Data JPA repositories in DEFAULT mode.
2024-05-10T15:58:24.783+05:30  INFO 16212 --- [restartedMain] .s.d.r.c.RepositoryConfigurationDelegate : Finished Spring Data repository scanning in 82 ms. Found 9 JPA repository interfaces.
2024-05-10T15:58:25.206+05:30  WARN 16212 --- [restartedMain] trationDelegate$BeanPostProcessorChecker : Bean 'org.springframework.ws.config.annotation.DelegatingWsConfiguration' of type [org.springframework.ws.config.annotation.DelegatingWsConfiguration$$SpringCGLIB$$0] is not eligible for getting processed by all BeanPostProcessors (for example: not eligible for auto-proxying). The currently created BeanPostProcessor [annotationActionEndpointMapping] is declared through a non-static factory method on that class; consider declaring it as static instead.
2024-05-10T15:58:25.280+05:30  INFO 16212 --- [restartedMain] .w.s.a.s.AnnotationActionEndpointMapping : Supporting [WS-Addressing August 2004, WS-Addressing 1.0]
2024-05-10T15:58:25.702+05:30  INFO 16212 --- [restartedMain] o.s.b.w.embedded.tomcat.TomcatWebServer  : Tomcat initialized with port 8080 (http)
2024-05-10T15:58:25.718+05:30  INFO 16212 --- [restartedMain] o.apache.catalina.core.StandardService   : Starting service [Tomcat]
2024-05-10T15:58:25.719+05:30  INFO 16212 --- [restartedMain] o.apache.catalina.core.StandardEngine    : Starting Servlet engine: [Apache Tomcat/10.1.17]
2024-05-10T15:58:25.801+05:30  INFO 16212 --- [restartedMain] o.a.c.c.C.[Tomcat].[localhost].[/]       : Initializing Spring embedded WebApplicationContext
2024-05-10T15:58:25.804+05:30  INFO 16212 --- [restartedMain] w.s.c.ServletWebServerApplicationContext : Root WebApplicationContext: initialization completed in 2794 ms
2024-05-10T15:58:25.992+05:30  INFO 16212 --- [restartedMain] o.hibernate.jpa.internal.util.LogHelper  : HHH000204: Processing PersistenceUnitInfo [name: default]
2024-05-10T15:58:26.086+05:30  INFO 16212 --- [restartedMain] org.hibernate.Version                    : HHH000412: Hibernate ORM core version 6.4.1.Final
2024-05-10T15:58:26.142+05:30  INFO 16212 --- [restartedMain] o.h.c.internal.RegionFactoryInitiator    : HHH000026: Second-level cache disabled
2024-05-10T15:58:26.426+05:30  INFO 16212 --- [restartedMain] o.s.o.j.p.SpringPersistenceUnitInfo      : No LoadTimeWeaver setup: ignoring JPA class transformer
2024-05-10T15:58:26.462+05:30  INFO 16212 --- [restartedMain] com.zaxxer.hikari.HikariDataSource       : HikariPool-1 - Starting...
2024-05-10T15:58:26.626+05:30  INFO 16212 --- [restartedMain] com.zaxxer.hikari.pool.HikariPool        : HikariPool-1 - Added connection com.mysql.cj.jdbc.ConnectionImpl@63e9ef7c
2024-05-10T15:58:26.629+05:30  INFO 16212 --- [restartedMain] com.zaxxer.hikari.HikariDataSource       : HikariPool-1 - Start completed.
2024-05-10T15:58:26.685+05:30  WARN 16212 --- [restartedMain] org.hibernate.orm.deprecation            : HHH90000025: MySQL8Dialect does not need to be specified explicitly using 'hibernate.dialect' (remove the property setting and it will be selected by default)
2024-05-10T15:58:26.687+05:30  WARN 16212 --- [restartedMain] org.hibernate.orm.deprecation            : HHH90000026: MySQL8Dialect has been deprecated; use org.hibernate.dialect.MySQLDialect instead
2024-05-10T15:58:27.616+05:30  INFO 16212 --- [restartedMain] o.h.e.t.j.p.i.JtaPlatformInitiator       : HHH000489: No JTA platform available (set 'hibernate.transaction.jta.platform' to enable JTA platform integration)
2024-05-10T15:58:27.675+05:30  INFO 16212 --- [restartedMain] j.LocalContainerEntityManagerFactoryBean : Initialized JPA EntityManagerFactory for persistence unit 'default'
2024-05-10T15:58:28.422+05:30  WARN 16212 --- [restartedMain] JpaBaseConfiguration$JpaWebConfiguration : spring.jpa.open-in-view is enabled by default. Therefore, database queries may be performed during view rendering. Explicitly configure spring.jpa.open-in-view to disable this warning
2024-05-10T15:58:28.960+05:30  INFO 16212 --- [restartedMain] o.s.b.d.a.OptionalLiveReloadServer       : LiveReload server is running on port 35729
2024-05-10T15:58:29.018+05:30  INFO 16212 --- [restartedMain] o.s.b.w.embedded.tomcat.TomcatWebServer  : Tomcat started on port 8080 (http) with context path ''
2024-05-10T15:58:29.032+05:30  INFO 16212 --- [restartedMain] com.cafe.CafeManagementApplication       : Started CafeManagementApplication in 6.957 seconds (process running for 9.417)
2024-05-10T15:59:21.135+05:30  INFO 16212 --- [http-nio-8080-exec-1] o.a.c.c.C.[Tomcat].[localhost].[/]       : Initializing Spring DispatcherServlet 'dispatcherServlet'
2024-05-10T15:59:21.135+05:30  INFO 16212 --- [http-nio-8080-exec-1] o.s.web.servlet.DispatcherServlet        : Initializing Servlet 'dispatcherServlet'
2024-05-10T15:59:21.135+05:30  INFO 16212 --- [http-nio-8080-exec-1] o.s.web.servlet.DispatcherServlet        : Completed initialization in 0 ms
2024-05-10T15:59:21.285+05:30  INFO 16212 --- [http-nio-8080-exec-1] com.cafe.controller.SignUpController     : Login API Call
2024-05-10T16:19:10.149+05:30  WARN 16212 --- [HikariPool-1 housekeeper] com.zaxxer.hikari.pool.HikariPool        : HikariPool-1 - Thread starvation or clock leap detected (housekeeper delta=6m13s152ms560µs700ns).
2024-05-10T16:44:00.833+05:30  INFO 16212 --- [RMI TCP Connection(46)-127.0.0.1] inMXBeanRegistrar$SpringApplicationAdmin : Application shutdown requested.
2024-05-10T16:44:00.982+05:30  INFO 16212 --- [RMI TCP Connection(46)-127.0.0.1] j.LocalContainerEntityManagerFactoryBean : Closing JPA EntityManagerFactory for persistence unit 'default'
2024-05-10T16:44:01.024+05:30  INFO 16212 --- [RMI TCP Connection(46)-127.0.0.1] com.zaxxer.hikari.HikariDataSource       : HikariPool-1 - Shutdown initiated...
2024-05-10T16:44:01.033+05:30  INFO 16212 --- [RMI TCP Connection(46)-127.0.0.1] com.zaxxer.hikari.HikariDataSource       : HikariPool-1 - Shutdown completed.
2024-05-10T17:09:32.908+05:30  INFO 17120 --- [restartedMain] com.cafe.CafeManagementApplication       : Starting CafeManagementApplication using Java 17.0.10 with PID 17120 (D:\Project\Cafe-Management\CafeManagmentBackend\Cafe_Management\target\classes started by abhay in D:\Project\Cafe-Management\CafeManagmentBackend\Cafe_Management)
2024-05-10T17:09:32.911+05:30  INFO 17120 --- [restartedMain] com.cafe.CafeManagementApplication       : No active profile set, falling back to 1 default profile: "default"
2024-05-10T17:09:32.977+05:30  INFO 17120 --- [restartedMain] .e.DevToolsPropertyDefaultsPostProcessor : Devtools property defaults active! Set 'spring.devtools.add-properties' to 'false' to disable
2024-05-10T17:09:32.978+05:30  INFO 17120 --- [restartedMain] .e.DevToolsPropertyDefaultsPostProcessor : For additional web related logging consider setting the 'logging.level.web' property to 'DEBUG'
2024-05-10T17:09:34.428+05:30  INFO 17120 --- [restartedMain] .s.d.r.c.RepositoryConfigurationDelegate : Bootstrapping Spring Data JPA repositories in DEFAULT mode.
2024-05-10T17:09:34.522+05:30  INFO 17120 --- [restartedMain] .s.d.r.c.RepositoryConfigurationDelegate : Finished Spring Data repository scanning in 82 ms. Found 9 JPA repository interfaces.
2024-05-10T17:09:34.842+05:30  WARN 17120 --- [restartedMain] trationDelegate$BeanPostProcessorChecker : Bean 'org.springframework.ws.config.annotation.DelegatingWsConfiguration' of type [org.springframework.ws.config.annotation.DelegatingWsConfiguration$$SpringCGLIB$$0] is not eligible for getting processed by all BeanPostProcessors (for example: not eligible for auto-proxying). The currently created BeanPostProcessor [annotationActionEndpointMapping] is declared through a non-static factory method on that class; consider declaring it as static instead.
2024-05-10T17:09:34.895+05:30  INFO 17120 --- [restartedMain] .w.s.a.s.AnnotationActionEndpointMapping : Supporting [WS-Addressing August 2004, WS-Addressing 1.0]
2024-05-10T17:09:35.197+05:30  INFO 17120 --- [restartedMain] o.s.b.w.embedded.tomcat.TomcatWebServer  : Tomcat initialized with port 8080 (http)
2024-05-10T17:09:35.211+05:30  INFO 17120 --- [restartedMain] o.apache.catalina.core.StandardService   : Starting service [Tomcat]
2024-05-10T17:09:35.212+05:30  INFO 17120 --- [restartedMain] o.apache.catalina.core.StandardEngine    : Starting Servlet engine: [Apache Tomcat/10.1.17]
2024-05-10T17:09:35.286+05:30  INFO 17120 --- [restartedMain] o.a.c.c.C.[Tomcat].[localhost].[/]       : Initializing Spring embedded WebApplicationContext
2024-05-10T17:09:35.287+05:30  INFO 17120 --- [restartedMain] w.s.c.ServletWebServerApplicationContext : Root WebApplicationContext: initialization completed in 2309 ms
2024-05-10T17:09:35.475+05:30  INFO 17120 --- [restartedMain] o.hibernate.jpa.internal.util.LogHelper  : HHH000204: Processing PersistenceUnitInfo [name: default]
2024-05-10T17:09:35.551+05:30  INFO 17120 --- [restartedMain] org.hibernate.Version                    : HHH000412: Hibernate ORM core version 6.4.1.Final
2024-05-10T17:09:35.605+05:30  INFO 17120 --- [restartedMain] o.h.c.internal.RegionFactoryInitiator    : HHH000026: Second-level cache disabled
2024-05-10T17:09:35.877+05:30  INFO 17120 --- [restartedMain] o.s.o.j.p.SpringPersistenceUnitInfo      : No LoadTimeWeaver setup: ignoring JPA class transformer
2024-05-10T17:09:35.937+05:30  INFO 17120 --- [restartedMain] com.zaxxer.hikari.HikariDataSource       : HikariPool-1 - Starting...
2024-05-10T17:09:36.142+05:30  INFO 17120 --- [restartedMain] com.zaxxer.hikari.pool.HikariPool        : HikariPool-1 - Added connection com.mysql.cj.jdbc.ConnectionImpl@41fa38f4
2024-05-10T17:09:36.144+05:30  INFO 17120 --- [restartedMain] com.zaxxer.hikari.HikariDataSource       : HikariPool-1 - Start completed.
2024-05-10T17:09:36.218+05:30  WARN 17120 --- [restartedMain] org.hibernate.orm.deprecation            : HHH90000025: MySQL8Dialect does not need to be specified explicitly using 'hibernate.dialect' (remove the property setting and it will be selected by default)
2024-05-10T17:09:36.219+05:30  WARN 17120 --- [restartedMain] org.hibernate.orm.deprecation            : HHH90000026: MySQL8Dialect has been deprecated; use org.hibernate.dialect.MySQLDialect instead
2024-05-10T17:09:37.638+05:30  INFO 17120 --- [restartedMain] o.h.e.t.j.p.i.JtaPlatformInitiator       : HHH000489: No JTA platform available (set 'hibernate.transaction.jta.platform' to enable JTA platform integration)
2024-05-10T17:09:37.691+05:30  INFO 17120 --- [restartedMain] j.LocalContainerEntityManagerFactoryBean : Initialized JPA EntityManagerFactory for persistence unit 'default'
2024-05-10T17:09:38.195+05:30  WARN 17120 --- [restartedMain] JpaBaseConfiguration$JpaWebConfiguration : spring.jpa.open-in-view is enabled by default. Therefore, database queries may be performed during view rendering. Explicitly configure spring.jpa.open-in-view to disable this warning
2024-05-10T17:09:38.640+05:30  INFO 17120 --- [restartedMain] o.s.b.d.a.OptionalLiveReloadServer       : LiveReload server is running on port 35729
2024-05-10T17:09:38.691+05:30  INFO 17120 --- [restartedMain] o.s.b.w.embedded.tomcat.TomcatWebServer  : Tomcat started on port 8080 (http) with context path ''
2024-05-10T17:09:38.704+05:30  INFO 17120 --- [restartedMain] com.cafe.CafeManagementApplication       : Started CafeManagementApplication in 6.324 seconds (process running for 7.155)
2024-05-10T17:12:58.164+05:30  INFO 17120 --- [http-nio-8080-exec-1] o.a.c.c.C.[Tomcat].[localhost].[/]       : Initializing Spring DispatcherServlet 'dispatcherServlet'
2024-05-10T17:12:58.172+05:30  INFO 17120 --- [http-nio-8080-exec-1] o.s.web.servlet.DispatcherServlet        : Initializing Servlet 'dispatcherServlet'
2024-05-10T17:12:58.179+05:30  INFO 17120 --- [http-nio-8080-exec-1] o.s.web.servlet.DispatcherServlet        : Completed initialization in 3 ms
2024-05-10T17:12:58.318+05:30  INFO 17120 --- [http-nio-8080-exec-1] com.cafe.controller.ItemsController      : Get All Items API Call
2024-05-10T17:14:06.097+05:30  INFO 17120 --- [http-nio-8080-exec-4] com.cafe.controller.ItemsController      : Get All Items API Call
2024-05-10T17:15:20.781+05:30  INFO 17120 --- [http-nio-8080-exec-6] com.cafe.controller.ItemsController      : Get All Items API Call
2024-05-10T17:15:35.102+05:30  INFO 17120 --- [http-nio-8080-exec-8] com.cafe.controller.ItemsController      : Get All Items API Call
2024-05-10T17:17:10.367+05:30  INFO 17120 --- [http-nio-8080-exec-10] com.cafe.controller.ItemsController      : Get All Items API Call
2024-05-10T17:17:17.482+05:30  INFO 17120 --- [http-nio-8080-exec-2] com.cafe.controller.ItemsController      : Get All Items API Call
2024-05-10T17:17:57.215+05:30  INFO 17120 --- [http-nio-8080-exec-4] com.cafe.controller.ItemsController      : Get All Items API Call
2024-05-10T17:18:45.098+05:30  INFO 17120 --- [http-nio-8080-exec-6] com.cafe.controller.ItemsController      : Get All Items API Call
2024-05-10T17:37:02.544+05:30  WARN 17120 --- [HikariPool-1 housekeeper] com.zaxxer.hikari.pool.HikariPool        : HikariPool-1 - Thread starvation or clock leap detected (housekeeper delta=1m55s800ms74µs100ns).
2024-05-10T18:25:34.326+05:30  WARN 17120 --- [HikariPool-1 housekeeper] com.zaxxer.hikari.pool.HikariPool        : HikariPool-1 - Thread starvation or clock leap detected (housekeeper delta=27m1s394ms496µs200ns).
2024-05-10T18:26:13.737+05:30  INFO 17120 --- [http-nio-8080-exec-8] com.cafe.controller.ItemsController      : Get All Items API Call
2024-05-10T18:27:18.739+05:30  INFO 17120 --- [http-nio-8080-exec-10] com.cafe.controller.ItemsController      : Get All Items API Call
2024-05-10T18:28:06.985+05:30  INFO 17120 --- [http-nio-8080-exec-2] com.cafe.controller.ItemsController      : Get All Items API Call
2024-05-10T18:28:37.020+05:30  INFO 17120 --- [http-nio-8080-exec-4] com.cafe.controller.ItemsController      : Get All Items API Call
2024-05-10T18:29:18.983+05:30  INFO 17120 --- [http-nio-8080-exec-6] com.cafe.controller.ItemsController      : Get All Items API Call
2024-05-10T18:29:39.315+05:30  INFO 17120 --- [http-nio-8080-exec-8] com.cafe.controller.ItemsController      : Get All Items API Call
2024-05-10T18:32:47.681+05:30  INFO 17120 --- [http-nio-8080-exec-1] com.cafe.controller.ItemsController      : Get All Items API Call
2024-05-10T18:35:49.122+05:30  INFO 17120 --- [http-nio-8080-exec-3] com.cafe.controller.ItemsController      : Get All Items API Call
2024-05-10T18:38:07.582+05:30  INFO 17120 --- [http-nio-8080-exec-5] com.cafe.controller.ItemsController      : Get All Items API Call
2024-05-10T18:38:33.496+05:30  INFO 17120 --- [http-nio-8080-exec-7] com.cafe.controller.ItemsController      : Get All Items API Call
2024-05-10T18:40:36.828+05:30  INFO 17120 --- [http-nio-8080-exec-9] com.cafe.controller.ItemsController      : Get All Items API Call
2024-05-10T18:42:20.365+05:30  INFO 17120 --- [http-nio-8080-exec-1] com.cafe.controller.ItemsController      : Get All Items API Call
2024-05-10T18:45:10.390+05:30  INFO 17120 --- [http-nio-8080-exec-3] com.cafe.controller.ItemsController      : Get All Items API Call
2024-05-10T18:48:56.261+05:30  INFO 17120 --- [http-nio-8080-exec-5] com.cafe.controller.ItemsController      : Get All Items API Call
2024-05-10T18:49:14.168+05:30  INFO 17120 --- [http-nio-8080-exec-7] com.cafe.controller.ItemsController      : Get All Items API Call
2024-05-10T18:59:01.515+05:30  INFO 17120 --- [http-nio-8080-exec-9] com.cafe.controller.ItemsController      : Get All Items API Call
2024-05-10T18:59:13.837+05:30  INFO 17120 --- [http-nio-8080-exec-1] com.cafe.controller.ItemsController      : Get All Items API Call
2024-05-10T18:59:36.175+05:30  INFO 17120 --- [http-nio-8080-exec-3] com.cafe.controller.ItemsController      : Get All Items API Call
2024-05-10T18:59:46.778+05:30  INFO 17120 --- [http-nio-8080-exec-5] com.cafe.controller.ItemsController      : Get All Items API Call
2024-05-10T18:59:55.090+05:30  INFO 17120 --- [http-nio-8080-exec-6] com.cafe.controller.ItemsController      : Get All Items API Call
2024-05-10T19:07:21.937+05:30  WARN 17120 --- [HikariPool-1 housekeeper] com.zaxxer.hikari.pool.HikariPool        : HikariPool-1 - Thread starvation or clock leap detected (housekeeper delta=5m47s106ms984µs300ns).
2024-05-10T19:08:22.772+05:30  INFO 17120 --- [http-nio-8080-exec-8] com.cafe.controller.ItemsController      : Get All Items API Call
2024-05-10T19:08:44.963+05:30  INFO 17120 --- [http-nio-8080-exec-10] com.cafe.controller.ItemsController      : Get All Items API Call
2024-05-10T19:11:39.271+05:30  INFO 17120 --- [http-nio-8080-exec-2] com.cafe.controller.ItemsController      : Get All Items API Call
2024-05-10T19:11:52.273+05:30  INFO 17120 --- [http-nio-8080-exec-4] com.cafe.controller.ItemsController      : Get All Items API Call
2024-05-10T19:15:00.513+05:30  INFO 17120 --- [http-nio-8080-exec-6] com.cafe.controller.ItemsController      : Get All Items API Call
2024-05-10T19:15:07.393+05:30  INFO 17120 --- [http-nio-8080-exec-9] com.cafe.controller.ItemsController      : Get All Items API Call
2024-05-10T19:15:13.061+05:30  INFO 17120 --- [http-nio-8080-exec-10] com.cafe.controller.ItemsController      : Get All Items API Call
2024-05-10T19:35:59.445+05:30  WARN 17120 --- [HikariPool-1 housekeeper] com.zaxxer.hikari.pool.HikariPool        : HikariPool-1 - Thread starvation or clock leap detected (housekeeper delta=16m2s271ms753µs800ns).
2024-05-10T19:36:11.324+05:30  INFO 17120 --- [http-nio-8080-exec-3] com.cafe.controller.ItemsController      : Create API Call
2024-05-10T19:37:17.016+05:30  INFO 17120 --- [http-nio-8080-exec-5] com.cafe.controller.ItemsController      : Create API Call
2024-05-10T19:38:26.562+05:30  INFO 17120 --- [http-nio-8080-exec-9] com.cafe.controller.ItemsController      : Get All Items API Call
2024-05-10T19:39:23.496+05:30  INFO 17120 --- [http-nio-8080-exec-2] com.cafe.controller.ItemsController      : Get All Items API Call
2024-05-10T19:42:12.931+05:30  INFO 17120 --- [File Watcher] rtingClassPathChangeChangedEventListener : Restarting due to 4 class path changes (0 additions, 0 deletions, 4 modifications)
2024-05-10T19:42:13.259+05:30  INFO 17120 --- [Thread-5] j.LocalContainerEntityManagerFactoryBean : Closing JPA EntityManagerFactory for persistence unit 'default'
2024-05-10T19:42:13.327+05:30  INFO 17120 --- [Thread-5] com.zaxxer.hikari.HikariDataSource       : HikariPool-1 - Shutdown initiated...
2024-05-10T19:42:13.345+05:30  INFO 17120 --- [Thread-5] com.zaxxer.hikari.HikariDataSource       : HikariPool-1 - Shutdown completed.
2024-05-10T19:42:13.932+05:30  INFO 17120 --- [restartedMain] com.cafe.CafeManagementApplication       : Starting CafeManagementApplication using Java 17.0.10 with PID 17120 (D:\Project\Cafe-Management\CafeManagmentBackend\Cafe_Management\target\classes started by abhay in D:\Project\Cafe-Management\CafeManagmentBackend\Cafe_Management)
2024-05-10T19:42:13.933+05:30  INFO 17120 --- [restartedMain] com.cafe.CafeManagementApplication       : No active profile set, falling back to 1 default profile: "default"
2024-05-10T19:42:14.530+05:30  INFO 17120 --- [restartedMain] .s.d.r.c.RepositoryConfigurationDelegate : Bootstrapping Spring Data JPA repositories in DEFAULT mode.
2024-05-10T19:42:14.570+05:30  INFO 17120 --- [restartedMain] .s.d.r.c.RepositoryConfigurationDelegate : Finished Spring Data repository scanning in 38 ms. Found 9 JPA repository interfaces.
2024-05-10T19:42:14.786+05:30  WARN 17120 --- [restartedMain] trationDelegate$BeanPostProcessorChecker : Bean 'org.springframework.ws.config.annotation.DelegatingWsConfiguration' of type [org.springframework.ws.config.annotation.DelegatingWsConfiguration$$SpringCGLIB$$0] is not eligible for getting processed by all BeanPostProcessors (for example: not eligible for auto-proxying). The currently created BeanPostProcessor [annotationActionEndpointMapping] is declared through a non-static factory method on that class; consider declaring it as static instead.
2024-05-10T19:42:14.792+05:30  INFO 17120 --- [restartedMain] .w.s.a.s.AnnotationActionEndpointMapping : Supporting [WS-Addressing August 2004, WS-Addressing 1.0]
2024-05-10T19:42:15.025+05:30  INFO 17120 --- [restartedMain] o.s.b.w.embedded.tomcat.TomcatWebServer  : Tomcat initialized with port 8080 (http)
2024-05-10T19:42:15.027+05:30  INFO 17120 --- [restartedMain] o.apache.catalina.core.StandardService   : Starting service [Tomcat]
2024-05-10T19:42:15.029+05:30  INFO 17120 --- [restartedMain] o.apache.catalina.core.StandardEngine    : Starting Servlet engine: [Apache Tomcat/10.1.17]
2024-05-10T19:42:15.067+05:30  INFO 17120 --- [restartedMain] o.a.c.c.C.[Tomcat].[localhost].[/]       : Initializing Spring embedded WebApplicationContext
2024-05-10T19:42:15.067+05:30  INFO 17120 --- [restartedMain] w.s.c.ServletWebServerApplicationContext : Root WebApplicationContext: initialization completed in 1129 ms
2024-05-10T19:42:15.218+05:30  INFO 17120 --- [restartedMain] o.hibernate.jpa.internal.util.LogHelper  : HHH000204: Processing PersistenceUnitInfo [name: default]
2024-05-10T19:42:15.222+05:30  INFO 17120 --- [restartedMain] o.h.c.internal.RegionFactoryInitiator    : HHH000026: Second-level cache disabled
2024-05-10T19:42:15.229+05:30  INFO 17120 --- [restartedMain] o.s.o.j.p.SpringPersistenceUnitInfo      : No LoadTimeWeaver setup: ignoring JPA class transformer
2024-05-10T19:42:15.232+05:30  INFO 17120 --- [restartedMain] com.zaxxer.hikari.HikariDataSource       : HikariPool-2 - Starting...
2024-05-10T19:42:15.256+05:30  INFO 17120 --- [restartedMain] com.zaxxer.hikari.pool.HikariPool        : HikariPool-2 - Added connection com.mysql.cj.jdbc.ConnectionImpl@7de2c5a6
2024-05-10T19:42:15.257+05:30  INFO 17120 --- [restartedMain] com.zaxxer.hikari.HikariDataSource       : HikariPool-2 - Start completed.
2024-05-10T19:42:15.258+05:30  WARN 17120 --- [restartedMain] org.hibernate.orm.deprecation            : HHH90000025: MySQL8Dialect does not need to be specified explicitly using 'hibernate.dialect' (remove the property setting and it will be selected by default)
2024-05-10T19:42:15.258+05:30  WARN 17120 --- [restartedMain] org.hibernate.orm.deprecation            : HHH90000026: MySQL8Dialect has been deprecated; use org.hibernate.dialect.MySQLDialect instead
2024-05-10T19:42:15.448+05:30  INFO 17120 --- [restartedMain] o.h.e.t.j.p.i.JtaPlatformInitiator       : HHH000489: No JTA platform available (set 'hibernate.transaction.jta.platform' to enable JTA platform integration)
2024-05-10T19:42:15.485+05:30  INFO 17120 --- [restartedMain] j.LocalContainerEntityManagerFactoryBean : Initialized JPA EntityManagerFactory for persistence unit 'default'
2024-05-10T19:42:15.805+05:30  WARN 17120 --- [restartedMain] JpaBaseConfiguration$JpaWebConfiguration : spring.jpa.open-in-view is enabled by default. Therefore, database queries may be performed during view rendering. Explicitly configure spring.jpa.open-in-view to disable this warning
2024-05-10T19:42:16.257+05:30  INFO 17120 --- [restartedMain] o.s.b.d.a.OptionalLiveReloadServer       : LiveReload server is running on port 35729
2024-05-10T19:42:16.305+05:30  INFO 17120 --- [restartedMain] o.s.b.w.embedded.tomcat.TomcatWebServer  : Tomcat started on port 8080 (http) with context path ''
2024-05-10T19:42:16.317+05:30  INFO 17120 --- [restartedMain] com.cafe.CafeManagementApplication       : Started CafeManagementApplication in 2.471 seconds (process running for 9164.768)
2024-05-10T19:42:16.321+05:30  INFO 17120 --- [restartedMain] .ConditionEvaluationDeltaLoggingListener : Condition evaluation unchanged
2024-05-10T19:42:17.818+05:30  INFO 17120 --- [http-nio-8080-exec-2] o.a.c.c.C.[Tomcat].[localhost].[/]       : Initializing Spring DispatcherServlet 'dispatcherServlet'
2024-05-10T19:42:17.818+05:30  INFO 17120 --- [http-nio-8080-exec-2] o.s.web.servlet.DispatcherServlet        : Initializing Servlet 'dispatcherServlet'
2024-05-10T19:42:17.821+05:30  INFO 17120 --- [http-nio-8080-exec-2] o.s.web.servlet.DispatcherServlet        : Completed initialization in 3 ms
2024-05-10T19:42:17.825+05:30  INFO 17120 --- [http-nio-8080-exec-2] com.cafe.controller.ItemsController      : Get All Items API Call
2024-05-10T19:42:55.907+05:30  INFO 17120 --- [File Watcher] rtingClassPathChangeChangedEventListener : Restarting due to 1 class path change (0 additions, 0 deletions, 1 modification)
2024-05-10T19:42:55.918+05:30  INFO 17120 --- [Thread-7] j.LocalContainerEntityManagerFactoryBean : Closing JPA EntityManagerFactory for persistence unit 'default'
2024-05-10T19:42:55.919+05:30  INFO 17120 --- [Thread-7] com.zaxxer.hikari.HikariDataSource       : HikariPool-2 - Shutdown initiated...
2024-05-10T19:42:55.922+05:30  INFO 17120 --- [Thread-7] com.zaxxer.hikari.HikariDataSource       : HikariPool-2 - Shutdown completed.
2024-05-10T19:42:56.015+05:30  INFO 17120 --- [restartedMain] com.cafe.CafeManagementApplication       : Starting CafeManagementApplication using Java 17.0.10 with PID 17120 (D:\Project\Cafe-Management\CafeManagmentBackend\Cafe_Management\target\classes started by abhay in D:\Project\Cafe-Management\CafeManagmentBackend\Cafe_Management)
2024-05-10T19:42:56.018+05:30  INFO 17120 --- [restartedMain] com.cafe.CafeManagementApplication       : No active profile set, falling back to 1 default profile: "default"
2024-05-10T19:42:56.158+05:30  INFO 17120 --- [restartedMain] .s.d.r.c.RepositoryConfigurationDelegate : Bootstrapping Spring Data JPA repositories in DEFAULT mode.
2024-05-10T19:42:56.188+05:30  INFO 17120 --- [restartedMain] .s.d.r.c.RepositoryConfigurationDelegate : Finished Spring Data repository scanning in 29 ms. Found 9 JPA repository interfaces.
2024-05-10T19:42:56.248+05:30  WARN 17120 --- [restartedMain] trationDelegate$BeanPostProcessorChecker : Bean 'org.springframework.ws.config.annotation.DelegatingWsConfiguration' of type [org.springframework.ws.config.annotation.DelegatingWsConfiguration$$SpringCGLIB$$0] is not eligible for getting processed by all BeanPostProcessors (for example: not eligible for auto-proxying). The currently created BeanPostProcessor [annotationActionEndpointMapping] is declared through a non-static factory method on that class; consider declaring it as static instead.
2024-05-10T19:42:56.252+05:30  INFO 17120 --- [restartedMain] .w.s.a.s.AnnotationActionEndpointMapping : Supporting [WS-Addressing August 2004, WS-Addressing 1.0]
2024-05-10T19:42:56.314+05:30  INFO 17120 --- [restartedMain] o.s.b.w.embedded.tomcat.TomcatWebServer  : Tomcat initialized with port 8080 (http)
2024-05-10T19:42:56.314+05:30  INFO 17120 --- [restartedMain] o.apache.catalina.core.StandardService   : Starting service [Tomcat]
2024-05-10T19:42:56.315+05:30  INFO 17120 --- [restartedMain] o.apache.catalina.core.StandardEngine    : Starting Servlet engine: [Apache Tomcat/10.1.17]
2024-05-10T19:42:56.336+05:30  INFO 17120 --- [restartedMain] o.a.c.c.C.[Tomcat].[localhost].[/]       : Initializing Spring embedded WebApplicationContext
2024-05-10T19:42:56.336+05:30  INFO 17120 --- [restartedMain] w.s.c.ServletWebServerApplicationContext : Root WebApplicationContext: initialization completed in 316 ms
2024-05-10T19:42:56.381+05:30  INFO 17120 --- [restartedMain] o.hibernate.jpa.internal.util.LogHelper  : HHH000204: Processing PersistenceUnitInfo [name: default]
2024-05-10T19:42:56.386+05:30  INFO 17120 --- [restartedMain] o.h.c.internal.RegionFactoryInitiator    : HHH000026: Second-level cache disabled
2024-05-10T19:42:56.389+05:30  INFO 17120 --- [restartedMain] o.s.o.j.p.SpringPersistenceUnitInfo      : No LoadTimeWeaver setup: ignoring JPA class transformer
2024-05-10T19:42:56.389+05:30  INFO 17120 --- [restartedMain] com.zaxxer.hikari.HikariDataSource       : HikariPool-3 - Starting...
2024-05-10T19:42:56.395+05:30  INFO 17120 --- [restartedMain] com.zaxxer.hikari.pool.HikariPool        : HikariPool-3 - Added connection com.mysql.cj.jdbc.ConnectionImpl@574f1a1f
2024-05-10T19:42:56.397+05:30  INFO 17120 --- [restartedMain] com.zaxxer.hikari.HikariDataSource       : HikariPool-3 - Start completed.
2024-05-10T19:42:56.397+05:30  WARN 17120 --- [restartedMain] org.hibernate.orm.deprecation            : HHH90000025: MySQL8Dialect does not need to be specified explicitly using 'hibernate.dialect' (remove the property setting and it will be selected by default)
2024-05-10T19:42:56.397+05:30  WARN 17120 --- [restartedMain] org.hibernate.orm.deprecation            : HHH90000026: MySQL8Dialect has been deprecated; use org.hibernate.dialect.MySQLDialect instead
2024-05-10T19:42:56.505+05:30  INFO 17120 --- [restartedMain] o.h.e.t.j.p.i.JtaPlatformInitiator       : HHH000489: No JTA platform available (set 'hibernate.transaction.jta.platform' to enable JTA platform integration)
2024-05-10T19:42:56.523+05:30  INFO 17120 --- [restartedMain] j.LocalContainerEntityManagerFactoryBean : Initialized JPA EntityManagerFactory for persistence unit 'default'
2024-05-10T19:42:56.723+05:30  WARN 17120 --- [restartedMain] JpaBaseConfiguration$JpaWebConfiguration : spring.jpa.open-in-view is enabled by default. Therefore, database queries may be performed during view rendering. Explicitly configure spring.jpa.open-in-view to disable this warning
2024-05-10T19:42:56.958+05:30  INFO 17120 --- [restartedMain] o.s.b.d.a.OptionalLiveReloadServer       : LiveReload server is running on port 35729
2024-05-10T19:42:56.988+05:30  INFO 17120 --- [restartedMain] o.s.b.w.embedded.tomcat.TomcatWebServer  : Tomcat started on port 8080 (http) with context path ''
2024-05-10T19:42:57.006+05:30  INFO 17120 --- [restartedMain] com.cafe.CafeManagementApplication       : Started CafeManagementApplication in 1.018 seconds (process running for 9205.457)
2024-05-10T19:42:57.009+05:30  INFO 17120 --- [restartedMain] .ConditionEvaluationDeltaLoggingListener : Condition evaluation unchanged
2024-05-10T19:46:11.391+05:30  INFO 17120 --- [http-nio-8080-exec-1] o.a.c.c.C.[Tomcat].[localhost].[/]       : Initializing Spring DispatcherServlet 'dispatcherServlet'
2024-05-10T19:46:11.391+05:30  INFO 17120 --- [http-nio-8080-exec-1] o.s.web.servlet.DispatcherServlet        : Initializing Servlet 'dispatcherServlet'
2024-05-10T19:46:11.391+05:30  INFO 17120 --- [http-nio-8080-exec-1] o.s.web.servlet.DispatcherServlet        : Completed initialization in 0 ms
2024-05-10T19:46:11.398+05:30  INFO 17120 --- [http-nio-8080-exec-1] com.cafe.controller.ItemsController      : Get All Items API Call
2024-05-10T19:47:25.019+05:30  INFO 17120 --- [http-nio-8080-exec-2] com.cafe.controller.ItemsController      : Get All Items API Call
2024-05-10T19:48:15.578+05:30  INFO 17120 --- [http-nio-8080-exec-3] com.cafe.controller.ItemsController      : Get All Items API Call
2024-05-10T19:48:24.340+05:30  INFO 17120 --- [http-nio-8080-exec-4] com.cafe.controller.ItemsController      : Get All Items API Call
2024-05-10T19:48:36.859+05:30  INFO 17120 --- [http-nio-8080-exec-5] com.cafe.controller.ItemsController      : Get All Items API Call
2024-05-10T19:48:39.913+05:30  INFO 17120 --- [http-nio-8080-exec-6] com.cafe.controller.ItemsController      : Get All Items API Call
2024-05-10T19:49:02.917+05:30  INFO 17120 --- [http-nio-8080-exec-7] com.cafe.controller.ItemsController      : Get All Items API Call
2024-05-10T19:50:00.922+05:30  INFO 17120 --- [http-nio-8080-exec-9] com.cafe.controller.ItemsController      : Create API Call
2024-05-10T19:50:08.389+05:30  INFO 17120 --- [http-nio-8080-exec-10] com.cafe.controller.ItemsController      : Create API Call
2024-05-10T19:50:19.340+05:30  INFO 17120 --- [http-nio-8080-exec-1] com.cafe.controller.ItemsController      : Create API Call
2024-05-10T19:50:28.453+05:30  INFO 17120 --- [http-nio-8080-exec-2] com.cafe.controller.ItemsController      : Create API Call
2024-05-10T19:51:09.068+05:30  INFO 17120 --- [http-nio-8080-exec-6] com.cafe.controller.ItemsController      : Get All Items API Call
2024-05-10T19:52:05.524+05:30  INFO 17120 --- [http-nio-8080-exec-9] com.cafe.controller.ItemsController      : Get All Items API Call
2024-05-10T19:52:40.258+05:30  INFO 17120 --- [http-nio-8080-exec-1] com.cafe.controller.ItemsController      : Get All Items API Call
2024-05-10T19:52:45.871+05:30  INFO 17120 --- [http-nio-8080-exec-2] com.cafe.controller.ItemsController      : Get All Items API Call
2024-05-10T19:53:00.281+05:30  INFO 17120 --- [http-nio-8080-exec-3] com.cafe.controller.ItemsController      : Get All Items API Call
2024-05-10T20:28:55.652+05:30  WARN 17120 --- [HikariPool-3 housekeeper] com.zaxxer.hikari.pool.HikariPool        : HikariPool-3 - Thread starvation or clock leap detected (housekeeper delta=58s358ms662µs600ns).
2024-05-10T20:29:33.309+05:30  INFO 17120 --- [http-nio-8080-exec-7] com.cafe.controller.ItemsController      : Get All Items API Call
2024-05-10T20:30:16.775+05:30  INFO 17120 --- [http-nio-8080-exec-9] com.cafe.controller.ItemsController      : Get All Items API Call
2024-05-10T20:30:30.506+05:30  INFO 17120 --- [http-nio-8080-exec-10] com.cafe.controller.ItemsController      : Get All Items API Call
2024-05-10T20:30:34.457+05:30  INFO 17120 --- [http-nio-8080-exec-1] com.cafe.controller.ItemsController      : Get All Items API Call
2024-05-10T20:31:06.222+05:30  INFO 17120 --- [http-nio-8080-exec-2] com.cafe.controller.ItemsController      : Get All Items API Call
2024-05-10T20:31:17.660+05:30  INFO 17120 --- [http-nio-8080-exec-5] com.cafe.controller.ItemsController      : Get All Items API Call
2024-05-10T20:31:49.626+05:30  INFO 17120 --- [http-nio-8080-exec-7] com.cafe.controller.ItemsController      : Get All Items API Call
2024-05-10T20:32:04.459+05:30  INFO 17120 --- [http-nio-8080-exec-9] com.cafe.controller.ItemsController      : Get All Items API Call
2024-05-10T20:32:11.985+05:30  INFO 17120 --- [http-nio-8080-exec-1] com.cafe.controller.ItemsController      : Get All Items API Call
2024-05-10T20:32:30.194+05:30  INFO 17120 --- [http-nio-8080-exec-3] com.cafe.controller.ItemsController      : Get All Items API Call
2024-05-10T20:32:34.786+05:30  INFO 17120 --- [http-nio-8080-exec-4] com.cafe.controller.ItemsController      : Get All Items API Call
2024-05-10T20:33:48.342+05:30  INFO 17120 --- [http-nio-8080-exec-8] com.cafe.controller.ItemsController      : Get All Items API Call
2024-05-10T20:34:17.667+05:30  INFO 17120 --- [http-nio-8080-exec-9] com.cafe.controller.ItemsController      : Get All Items API Call
2024-05-10T20:36:00.981+05:30  INFO 17120 --- [http-nio-8080-exec-1] com.cafe.controller.ItemsController      : Get All Items API Call
2024-05-10T20:37:16.704+05:30  INFO 17120 --- [http-nio-8080-exec-3] com.cafe.controller.ItemsController      : Get All Items API Call
2024-05-10T20:42:49.272+05:30  INFO 17120 --- [http-nio-8080-exec-5] com.cafe.controller.ItemsController      : Get All Items API Call
2024-05-10T20:43:00.854+05:30  INFO 17120 --- [http-nio-8080-exec-8] com.cafe.controller.ItemsController      : Get All Items API Call
2024-05-10T20:43:15.392+05:30  INFO 17120 --- [http-nio-8080-exec-9] com.cafe.controller.ItemsController      : Get All Items API Call
2024-05-10T20:45:52.116+05:30  INFO 17120 --- [http-nio-8080-exec-1] com.cafe.controller.ItemsController      : Get All Items API Call
2024-05-10T20:55:54.643+05:30  WARN 17120 --- [HikariPool-3 housekeeper] com.zaxxer.hikari.pool.HikariPool        : HikariPool-3 - Thread starvation or clock leap detected (housekeeper delta=51s464ms623µs600ns).
2024-05-10T20:56:25.946+05:30  INFO 17120 --- [http-nio-8080-exec-3] com.cafe.controller.ItemsController      : Get All Items API Call
2024-05-10T20:56:43.440+05:30  INFO 17120 --- [http-nio-8080-exec-5] com.cafe.controller.ItemsController      : Get All Items API Call
2024-05-10T21:03:14.022+05:30  INFO 17120 --- [File Watcher] rtingClassPathChangeChangedEventListener : Restarting due to 1 class path change (0 additions, 0 deletions, 1 modification)
2024-05-10T21:03:14.102+05:30  INFO 17120 --- [Thread-11] j.LocalContainerEntityManagerFactoryBean : Closing JPA EntityManagerFactory for persistence unit 'default'
2024-05-10T21:03:14.109+05:30  INFO 17120 --- [Thread-11] com.zaxxer.hikari.HikariDataSource       : HikariPool-3 - Shutdown initiated...
2024-05-10T21:03:14.127+05:30  INFO 17120 --- [Thread-11] com.zaxxer.hikari.HikariDataSource       : HikariPool-3 - Shutdown completed.
2024-05-10T21:03:14.341+05:30  INFO 17120 --- [restartedMain] com.cafe.CafeManagementApplication       : Starting CafeManagementApplication using Java 17.0.10 with PID 17120 (D:\Project\Cafe-Management\CafeManagmentBackend\Cafe_Management\target\classes started by abhay in D:\Project\Cafe-Management\CafeManagmentBackend\Cafe_Management)
2024-05-10T21:03:14.341+05:30  INFO 17120 --- [restartedMain] com.cafe.CafeManagementApplication       : No active profile set, falling back to 1 default profile: "default"
2024-05-10T21:03:15.139+05:30  INFO 17120 --- [restartedMain] .s.d.r.c.RepositoryConfigurationDelegate : Bootstrapping Spring Data JPA repositories in DEFAULT mode.
2024-05-10T21:03:15.160+05:30  INFO 17120 --- [restartedMain] .s.d.r.c.RepositoryConfigurationDelegate : Finished Spring Data repository scanning in 20 ms. Found 9 JPA repository interfaces.
2024-05-10T21:03:15.219+05:30  WARN 17120 --- [restartedMain] trationDelegate$BeanPostProcessorChecker : Bean 'org.springframework.ws.config.annotation.DelegatingWsConfiguration' of type [org.springframework.ws.config.annotation.DelegatingWsConfiguration$$SpringCGLIB$$0] is not eligible for getting processed by all BeanPostProcessors (for example: not eligible for auto-proxying). The currently created BeanPostProcessor [annotationActionEndpointMapping] is declared through a non-static factory method on that class; consider declaring it as static instead.
2024-05-10T21:03:15.222+05:30  INFO 17120 --- [restartedMain] .w.s.a.s.AnnotationActionEndpointMapping : Supporting [WS-Addressing August 2004, WS-Addressing 1.0]
2024-05-10T21:03:15.284+05:30  INFO 17120 --- [restartedMain] o.s.b.w.embedded.tomcat.TomcatWebServer  : Tomcat initialized with port 8080 (http)
2024-05-10T21:03:15.285+05:30  INFO 17120 --- [restartedMain] o.apache.catalina.core.StandardService   : Starting service [Tomcat]
2024-05-10T21:03:15.286+05:30  INFO 17120 --- [restartedMain] o.apache.catalina.core.StandardEngine    : Starting Servlet engine: [Apache Tomcat/10.1.17]
2024-05-10T21:03:15.307+05:30  INFO 17120 --- [restartedMain] o.a.c.c.C.[Tomcat].[localhost].[/]       : Initializing Spring embedded WebApplicationContext
2024-05-10T21:03:15.307+05:30  INFO 17120 --- [restartedMain] w.s.c.ServletWebServerApplicationContext : Root WebApplicationContext: initialization completed in 957 ms
2024-05-10T21:03:15.391+05:30  INFO 17120 --- [restartedMain] o.hibernate.jpa.internal.util.LogHelper  : HHH000204: Processing PersistenceUnitInfo [name: default]
2024-05-10T21:03:15.397+05:30  INFO 17120 --- [restartedMain] o.h.c.internal.RegionFactoryInitiator    : HHH000026: Second-level cache disabled
2024-05-10T21:03:15.404+05:30  INFO 17120 --- [restartedMain] o.s.o.j.p.SpringPersistenceUnitInfo      : No LoadTimeWeaver setup: ignoring JPA class transformer
2024-05-10T21:03:15.405+05:30  INFO 17120 --- [restartedMain] com.zaxxer.hikari.HikariDataSource       : HikariPool-4 - Starting...
2024-05-10T21:03:15.427+05:30  INFO 17120 --- [restartedMain] com.zaxxer.hikari.pool.HikariPool        : HikariPool-4 - Added connection com.mysql.cj.jdbc.ConnectionImpl@241185e3
2024-05-10T21:03:15.434+05:30  INFO 17120 --- [restartedMain] com.zaxxer.hikari.HikariDataSource       : HikariPool-4 - Start completed.
2024-05-10T21:03:15.438+05:30  WARN 17120 --- [restartedMain] org.hibernate.orm.deprecation            : HHH90000025: MySQL8Dialect does not need to be specified explicitly using 'hibernate.dialect' (remove the property setting and it will be selected by default)
2024-05-10T21:03:15.438+05:30  WARN 17120 --- [restartedMain] org.hibernate.orm.deprecation            : HHH90000026: MySQL8Dialect has been deprecated; use org.hibernate.dialect.MySQLDialect instead
2024-05-10T21:03:15.540+05:30  INFO 17120 --- [restartedMain] o.h.e.t.j.p.i.JtaPlatformInitiator       : HHH000489: No JTA platform available (set 'hibernate.transaction.jta.platform' to enable JTA platform integration)
2024-05-10T21:03:15.626+05:30  INFO 17120 --- [restartedMain] j.LocalContainerEntityManagerFactoryBean : Initialized JPA EntityManagerFactory for persistence unit 'default'
2024-05-10T21:03:15.806+05:30  WARN 17120 --- [restartedMain] JpaBaseConfiguration$JpaWebConfiguration : spring.jpa.open-in-view is enabled by default. Therefore, database queries may be performed during view rendering. Explicitly configure spring.jpa.open-in-view to disable this warning
2024-05-10T21:03:15.982+05:30  INFO 17120 --- [restartedMain] o.s.b.d.a.OptionalLiveReloadServer       : LiveReload server is running on port 35729
2024-05-10T21:03:15.998+05:30  INFO 17120 --- [restartedMain] o.s.b.w.embedded.tomcat.TomcatWebServer  : Tomcat started on port 8080 (http) with context path ''
2024-05-10T21:03:16.004+05:30  INFO 17120 --- [restartedMain] com.cafe.CafeManagementApplication       : Started CafeManagementApplication in 1.702 seconds (process running for 14017.264)
2024-05-10T21:03:16.006+05:30  INFO 17120 --- [restartedMain] .ConditionEvaluationDeltaLoggingListener : Condition evaluation unchanged
2024-05-10T21:03:35.848+05:30  INFO 17120 --- [File Watcher] rtingClassPathChangeChangedEventListener : Restarting due to 1 class path change (0 additions, 0 deletions, 1 modification)
2024-05-10T21:03:35.859+05:30  INFO 17120 --- [Thread-15] j.LocalContainerEntityManagerFactoryBean : Closing JPA EntityManagerFactory for persistence unit 'default'
2024-05-10T21:03:35.859+05:30  INFO 17120 --- [Thread-15] com.zaxxer.hikari.HikariDataSource       : HikariPool-4 - Shutdown initiated...
2024-05-10T21:03:35.861+05:30  INFO 17120 --- [Thread-15] com.zaxxer.hikari.HikariDataSource       : HikariPool-4 - Shutdown completed.
2024-05-10T21:03:35.932+05:30  INFO 17120 --- [restartedMain] com.cafe.CafeManagementApplication       : Starting CafeManagementApplication using Java 17.0.10 with PID 17120 (D:\Project\Cafe-Management\CafeManagmentBackend\Cafe_Management\target\classes started by abhay in D:\Project\Cafe-Management\CafeManagmentBackend\Cafe_Management)
2024-05-10T21:03:35.932+05:30  INFO 17120 --- [restartedMain] com.cafe.CafeManagementApplication       : No active profile set, falling back to 1 default profile: "default"
2024-05-10T21:03:36.050+05:30  INFO 17120 --- [restartedMain] .s.d.r.c.RepositoryConfigurationDelegate : Bootstrapping Spring Data JPA repositories in DEFAULT mode.
2024-05-10T21:03:36.070+05:30  INFO 17120 --- [restartedMain] .s.d.r.c.RepositoryConfigurationDelegate : Finished Spring Data repository scanning in 18 ms. Found 9 JPA repository interfaces.
2024-05-10T21:03:36.115+05:30  WARN 17120 --- [restartedMain] trationDelegate$BeanPostProcessorChecker : Bean 'org.springframework.ws.config.annotation.DelegatingWsConfiguration' of type [org.springframework.ws.config.annotation.DelegatingWsConfiguration$$SpringCGLIB$$0] is not eligible for getting processed by all BeanPostProcessors (for example: not eligible for auto-proxying). The currently created BeanPostProcessor [annotationActionEndpointMapping] is declared through a non-static factory method on that class; consider declaring it as static instead.
2024-05-10T21:03:36.117+05:30  INFO 17120 --- [restartedMain] .w.s.a.s.AnnotationActionEndpointMapping : Supporting [WS-Addressing August 2004, WS-Addressing 1.0]
2024-05-10T21:03:36.147+05:30  INFO 17120 --- [restartedMain] o.s.b.w.embedded.tomcat.TomcatWebServer  : Tomcat initialized with port 8080 (http)
2024-05-10T21:03:36.148+05:30  INFO 17120 --- [restartedMain] o.apache.catalina.core.StandardService   : Starting service [Tomcat]
2024-05-10T21:03:36.148+05:30  INFO 17120 --- [restartedMain] o.apache.catalina.core.StandardEngine    : Starting Servlet engine: [Apache Tomcat/10.1.17]
2024-05-10T21:03:36.159+05:30  INFO 17120 --- [restartedMain] o.a.c.c.C.[Tomcat].[localhost].[/]       : Initializing Spring embedded WebApplicationContext
2024-05-10T21:03:36.160+05:30  INFO 17120 --- [restartedMain] w.s.c.ServletWebServerApplicationContext : Root WebApplicationContext: initialization completed in 226 ms
2024-05-10T21:03:36.196+05:30  INFO 17120 --- [restartedMain] o.hibernate.jpa.internal.util.LogHelper  : HHH000204: Processing PersistenceUnitInfo [name: default]
2024-05-10T21:03:36.197+05:30  INFO 17120 --- [restartedMain] o.h.c.internal.RegionFactoryInitiator    : HHH000026: Second-level cache disabled
2024-05-10T21:03:36.199+05:30  INFO 17120 --- [restartedMain] o.s.o.j.p.SpringPersistenceUnitInfo      : No LoadTimeWeaver setup: ignoring JPA class transformer
2024-05-10T21:03:36.200+05:30  INFO 17120 --- [restartedMain] com.zaxxer.hikari.HikariDataSource       : HikariPool-5 - Starting...
2024-05-10T21:03:36.205+05:30  INFO 17120 --- [restartedMain] com.zaxxer.hikari.pool.HikariPool        : HikariPool-5 - Added connection com.mysql.cj.jdbc.ConnectionImpl@4fbce63e
2024-05-10T21:03:36.205+05:30  INFO 17120 --- [restartedMain] com.zaxxer.hikari.HikariDataSource       : HikariPool-5 - Start completed.
2024-05-10T21:03:36.205+05:30  WARN 17120 --- [restartedMain] org.hibernate.orm.deprecation            : HHH90000025: MySQL8Dialect does not need to be specified explicitly using 'hibernate.dialect' (remove the property setting and it will be selected by default)
2024-05-10T21:03:36.205+05:30  WARN 17120 --- [restartedMain] org.hibernate.orm.deprecation            : HHH90000026: MySQL8Dialect has been deprecated; use org.hibernate.dialect.MySQLDialect instead
2024-05-10T21:03:36.297+05:30  INFO 17120 --- [restartedMain] o.h.e.t.j.p.i.JtaPlatformInitiator       : HHH000489: No JTA platform available (set 'hibernate.transaction.jta.platform' to enable JTA platform integration)
2024-05-10T21:03:36.320+05:30  INFO 17120 --- [restartedMain] j.LocalContainerEntityManagerFactoryBean : Initialized JPA EntityManagerFactory for persistence unit 'default'
2024-05-10T21:03:36.474+05:30  WARN 17120 --- [restartedMain] JpaBaseConfiguration$JpaWebConfiguration : spring.jpa.open-in-view is enabled by default. Therefore, database queries may be performed during view rendering. Explicitly configure spring.jpa.open-in-view to disable this warning
2024-05-10T21:03:36.614+05:30  INFO 17120 --- [restartedMain] o.s.b.d.a.OptionalLiveReloadServer       : LiveReload server is running on port 35729
2024-05-10T21:03:36.627+05:30  INFO 17120 --- [restartedMain] o.s.b.w.embedded.tomcat.TomcatWebServer  : Tomcat started on port 8080 (http) with context path ''
2024-05-10T21:03:36.632+05:30  INFO 17120 --- [restartedMain] com.cafe.CafeManagementApplication       : Started CafeManagementApplication in 0.719 seconds (process running for 14037.891)
2024-05-10T21:03:36.633+05:30  INFO 17120 --- [restartedMain] .ConditionEvaluationDeltaLoggingListener : Condition evaluation unchanged
2024-05-10T21:03:46.235+05:30  INFO 17120 --- [File Watcher] rtingClassPathChangeChangedEventListener : Restarting due to 1 class path change (0 additions, 0 deletions, 1 modification)
2024-05-10T21:03:46.247+05:30  INFO 17120 --- [Thread-19] j.LocalContainerEntityManagerFactoryBean : Closing JPA EntityManagerFactory for persistence unit 'default'
2024-05-10T21:03:46.248+05:30  INFO 17120 --- [Thread-19] com.zaxxer.hikari.HikariDataSource       : HikariPool-5 - Shutdown initiated...
2024-05-10T21:03:46.250+05:30  INFO 17120 --- [Thread-19] com.zaxxer.hikari.HikariDataSource       : HikariPool-5 - Shutdown completed.
2024-05-10T21:03:46.343+05:30  INFO 17120 --- [restartedMain] com.cafe.CafeManagementApplication       : Starting CafeManagementApplication using Java 17.0.10 with PID 17120 (D:\Project\Cafe-Management\CafeManagmentBackend\Cafe_Management\target\classes started by abhay in D:\Project\Cafe-Management\CafeManagmentBackend\Cafe_Management)
2024-05-10T21:03:46.343+05:30  INFO 17120 --- [restartedMain] com.cafe.CafeManagementApplication       : No active profile set, falling back to 1 default profile: "default"
2024-05-10T21:03:46.528+05:30  INFO 17120 --- [restartedMain] .s.d.r.c.RepositoryConfigurationDelegate : Bootstrapping Spring Data JPA repositories in DEFAULT mode.
2024-05-10T21:03:46.591+05:30  INFO 17120 --- [restartedMain] .s.d.r.c.RepositoryConfigurationDelegate : Finished Spring Data repository scanning in 62 ms. Found 9 JPA repository interfaces.
2024-05-10T21:03:46.650+05:30  WARN 17120 --- [restartedMain] trationDelegate$BeanPostProcessorChecker : Bean 'org.springframework.ws.config.annotation.DelegatingWsConfiguration' of type [org.springframework.ws.config.annotation.DelegatingWsConfiguration$$SpringCGLIB$$0] is not eligible for getting processed by all BeanPostProcessors (for example: not eligible for auto-proxying). The currently created BeanPostProcessor [annotationActionEndpointMapping] is declared through a non-static factory method on that class; consider declaring it as static instead.
2024-05-10T21:03:46.652+05:30  INFO 17120 --- [restartedMain] .w.s.a.s.AnnotationActionEndpointMapping : Supporting [WS-Addressing August 2004, WS-Addressing 1.0]
2024-05-10T21:03:46.696+05:30  INFO 17120 --- [restartedMain] o.s.b.w.embedded.tomcat.TomcatWebServer  : Tomcat initialized with port 8080 (http)
2024-05-10T21:03:46.696+05:30  INFO 17120 --- [restartedMain] o.apache.catalina.core.StandardService   : Starting service [Tomcat]
2024-05-10T21:03:46.696+05:30  INFO 17120 --- [restartedMain] o.apache.catalina.core.StandardEngine    : Starting Servlet engine: [Apache Tomcat/10.1.17]
2024-05-10T21:03:46.718+05:30  INFO 17120 --- [restartedMain] o.a.c.c.C.[Tomcat].[localhost].[/]       : Initializing Spring embedded WebApplicationContext
2024-05-10T21:03:46.718+05:30  INFO 17120 --- [restartedMain] w.s.c.ServletWebServerApplicationContext : Root WebApplicationContext: initialization completed in 373 ms
2024-05-10T21:03:46.770+05:30  INFO 17120 --- [restartedMain] o.hibernate.jpa.internal.util.LogHelper  : HHH000204: Processing PersistenceUnitInfo [name: default]
2024-05-10T21:03:46.772+05:30  INFO 17120 --- [restartedMain] o.h.c.internal.RegionFactoryInitiator    : HHH000026: Second-level cache disabled
2024-05-10T21:03:46.776+05:30  INFO 17120 --- [restartedMain] o.s.o.j.p.SpringPersistenceUnitInfo      : No LoadTimeWeaver setup: ignoring JPA class transformer
2024-05-10T21:03:46.778+05:30  INFO 17120 --- [restartedMain] com.zaxxer.hikari.HikariDataSource       : HikariPool-6 - Starting...
2024-05-10T21:03:46.781+05:30  INFO 17120 --- [restartedMain] com.zaxxer.hikari.pool.HikariPool        : HikariPool-6 - Added connection com.mysql.cj.jdbc.ConnectionImpl@b47635
2024-05-10T21:03:46.782+05:30  INFO 17120 --- [restartedMain] com.zaxxer.hikari.HikariDataSource       : HikariPool-6 - Start completed.
2024-05-10T21:03:46.782+05:30  WARN 17120 --- [restartedMain] org.hibernate.orm.deprecation            : HHH90000025: MySQL8Dialect does not need to be specified explicitly using 'hibernate.dialect' (remove the property setting and it will be selected by default)
2024-05-10T21:03:46.782+05:30  WARN 17120 --- [restartedMain] org.hibernate.orm.deprecation            : HHH90000026: MySQL8Dialect has been deprecated; use org.hibernate.dialect.MySQLDialect instead
2024-05-10T21:03:46.865+05:30  INFO 17120 --- [restartedMain] o.h.e.t.j.p.i.JtaPlatformInitiator       : HHH000489: No JTA platform available (set 'hibernate.transaction.jta.platform' to enable JTA platform integration)
2024-05-10T21:03:46.880+05:30  INFO 17120 --- [restartedMain] j.LocalContainerEntityManagerFactoryBean : Initialized JPA EntityManagerFactory for persistence unit 'default'
2024-05-10T21:03:47.106+05:30  WARN 17120 --- [restartedMain] JpaBaseConfiguration$JpaWebConfiguration : spring.jpa.open-in-view is enabled by default. Therefore, database queries may be performed during view rendering. Explicitly configure spring.jpa.open-in-view to disable this warning
2024-05-10T21:03:47.320+05:30  INFO 17120 --- [restartedMain] o.s.b.d.a.OptionalLiveReloadServer       : LiveReload server is running on port 35729
2024-05-10T21:03:47.329+05:30  INFO 17120 --- [restartedMain] o.s.b.w.embedded.tomcat.TomcatWebServer  : Tomcat started on port 8080 (http) with context path ''
2024-05-10T21:03:47.336+05:30  INFO 17120 --- [restartedMain] com.cafe.CafeManagementApplication       : Started CafeManagementApplication in 1.026 seconds (process running for 14048.595)
2024-05-10T21:03:47.337+05:30  INFO 17120 --- [restartedMain] .ConditionEvaluationDeltaLoggingListener : Condition evaluation unchanged
2024-05-10T21:06:35.874+05:30  INFO 17120 --- [File Watcher] rtingClassPathChangeChangedEventListener : Restarting due to 1 class path change (0 additions, 0 deletions, 1 modification)
2024-05-10T21:06:35.898+05:30  INFO 17120 --- [Thread-23] j.LocalContainerEntityManagerFactoryBean : Closing JPA EntityManagerFactory for persistence unit 'default'
2024-05-10T21:06:35.898+05:30  INFO 17120 --- [Thread-23] com.zaxxer.hikari.HikariDataSource       : HikariPool-6 - Shutdown initiated...
2024-05-10T21:06:35.902+05:30  INFO 17120 --- [Thread-23] com.zaxxer.hikari.HikariDataSource       : HikariPool-6 - Shutdown completed.
2024-05-10T21:06:35.973+05:30  INFO 17120 --- [restartedMain] com.cafe.CafeManagementApplication       : Starting CafeManagementApplication using Java 17.0.10 with PID 17120 (D:\Project\Cafe-Management\CafeManagmentBackend\Cafe_Management\target\classes started by abhay in D:\Project\Cafe-Management\CafeManagmentBackend\Cafe_Management)
2024-05-10T21:06:35.974+05:30  INFO 17120 --- [restartedMain] com.cafe.CafeManagementApplication       : No active profile set, falling back to 1 default profile: "default"
2024-05-10T21:06:36.096+05:30  INFO 17120 --- [restartedMain] .s.d.r.c.RepositoryConfigurationDelegate : Bootstrapping Spring Data JPA repositories in DEFAULT mode.
2024-05-10T21:06:36.114+05:30  INFO 17120 --- [restartedMain] .s.d.r.c.RepositoryConfigurationDelegate : Finished Spring Data repository scanning in 17 ms. Found 9 JPA repository interfaces.
2024-05-10T21:06:36.159+05:30  WARN 17120 --- [restartedMain] trationDelegate$BeanPostProcessorChecker : Bean 'org.springframework.ws.config.annotation.DelegatingWsConfiguration' of type [org.springframework.ws.config.annotation.DelegatingWsConfiguration$$SpringCGLIB$$0] is not eligible for getting processed by all BeanPostProcessors (for example: not eligible for auto-proxying). The currently created BeanPostProcessor [annotationActionEndpointMapping] is declared through a non-static factory method on that class; consider declaring it as static instead.
2024-05-10T21:06:36.161+05:30  INFO 17120 --- [restartedMain] .w.s.a.s.AnnotationActionEndpointMapping : Supporting [WS-Addressing August 2004, WS-Addressing 1.0]
2024-05-10T21:06:36.191+05:30  INFO 17120 --- [restartedMain] o.s.b.w.embedded.tomcat.TomcatWebServer  : Tomcat initialized with port 8080 (http)
2024-05-10T21:06:36.191+05:30  INFO 17120 --- [restartedMain] o.apache.catalina.core.StandardService   : Starting service [Tomcat]
2024-05-10T21:06:36.192+05:30  INFO 17120 --- [restartedMain] o.apache.catalina.core.StandardEngine    : Starting Servlet engine: [Apache Tomcat/10.1.17]
2024-05-10T21:06:36.207+05:30  INFO 17120 --- [restartedMain] o.a.c.c.C.[Tomcat].[localhost].[/]       : Initializing Spring embedded WebApplicationContext
2024-05-10T21:06:36.207+05:30  INFO 17120 --- [restartedMain] w.s.c.ServletWebServerApplicationContext : Root WebApplicationContext: initialization completed in 232 ms
2024-05-10T21:06:36.234+05:30  INFO 17120 --- [restartedMain] o.hibernate.jpa.internal.util.LogHelper  : HHH000204: Processing PersistenceUnitInfo [name: default]
2024-05-10T21:06:36.248+05:30  INFO 17120 --- [restartedMain] o.h.c.internal.RegionFactoryInitiator    : HHH000026: Second-level cache disabled
2024-05-10T21:06:36.255+05:30  INFO 17120 --- [restartedMain] o.s.o.j.p.SpringPersistenceUnitInfo      : No LoadTimeWeaver setup: ignoring JPA class transformer
2024-05-10T21:06:36.257+05:30  INFO 17120 --- [restartedMain] com.zaxxer.hikari.HikariDataSource       : HikariPool-7 - Starting...
2024-05-10T21:06:36.267+05:30  INFO 17120 --- [restartedMain] com.zaxxer.hikari.pool.HikariPool        : HikariPool-7 - Added connection com.mysql.cj.jdbc.ConnectionImpl@2855d78c
2024-05-10T21:06:36.267+05:30  INFO 17120 --- [restartedMain] com.zaxxer.hikari.HikariDataSource       : HikariPool-7 - Start completed.
2024-05-10T21:06:36.268+05:30  WARN 17120 --- [restartedMain] org.hibernate.orm.deprecation            : HHH90000025: MySQL8Dialect does not need to be specified explicitly using 'hibernate.dialect' (remove the property setting and it will be selected by default)
2024-05-10T21:06:36.268+05:30  WARN 17120 --- [restartedMain] org.hibernate.orm.deprecation            : HHH90000026: MySQL8Dialect has been deprecated; use org.hibernate.dialect.MySQLDialect instead
2024-05-10T21:06:36.334+05:30  INFO 17120 --- [restartedMain] o.h.e.t.j.p.i.JtaPlatformInitiator       : HHH000489: No JTA platform available (set 'hibernate.transaction.jta.platform' to enable JTA platform integration)
2024-05-10T21:06:36.347+05:30  INFO 17120 --- [restartedMain] j.LocalContainerEntityManagerFactoryBean : Initialized JPA EntityManagerFactory for persistence unit 'default'
2024-05-10T21:06:36.535+05:30  WARN 17120 --- [restartedMain] JpaBaseConfiguration$JpaWebConfiguration : spring.jpa.open-in-view is enabled by default. Therefore, database queries may be performed during view rendering. Explicitly configure spring.jpa.open-in-view to disable this warning
2024-05-10T21:06:36.664+05:30  INFO 17120 --- [restartedMain] o.s.b.d.a.OptionalLiveReloadServer       : LiveReload server is running on port 35729
2024-05-10T21:06:36.675+05:30  INFO 17120 --- [restartedMain] o.s.b.w.embedded.tomcat.TomcatWebServer  : Tomcat started on port 8080 (http) with context path ''
2024-05-10T21:06:36.681+05:30  INFO 17120 --- [restartedMain] com.cafe.CafeManagementApplication       : Started CafeManagementApplication in 0.727 seconds (process running for 14217.94)
2024-05-10T21:06:36.682+05:30  INFO 17120 --- [restartedMain] .ConditionEvaluationDeltaLoggingListener : Condition evaluation unchanged
2024-05-10T21:07:00.858+05:30  INFO 17120 --- [http-nio-8080-exec-2] o.a.c.c.C.[Tomcat].[localhost].[/]       : Initializing Spring DispatcherServlet 'dispatcherServlet'
2024-05-10T21:07:00.858+05:30  INFO 17120 --- [http-nio-8080-exec-2] o.s.web.servlet.DispatcherServlet        : Initializing Servlet 'dispatcherServlet'
2024-05-10T21:07:00.861+05:30  INFO 17120 --- [http-nio-8080-exec-2] o.s.web.servlet.DispatcherServlet        : Completed initialization in 3 ms
2024-05-10T21:07:00.861+05:30  INFO 17120 --- [http-nio-8080-exec-2] com.cafe.controller.ItemsController      : Get All Items API Call
2024-05-10T21:07:18.807+05:30  INFO 17120 --- [RMI TCP Connection(199)-127.0.0.1] inMXBeanRegistrar$SpringApplicationAdmin : Application shutdown requested.
2024-05-10T21:07:18.818+05:30  INFO 17120 --- [RMI TCP Connection(199)-127.0.0.1] j.LocalContainerEntityManagerFactoryBean : Closing JPA EntityManagerFactory for persistence unit 'default'
2024-05-10T21:07:18.820+05:30  INFO 17120 --- [RMI TCP Connection(199)-127.0.0.1] com.zaxxer.hikari.HikariDataSource       : HikariPool-7 - Shutdown initiated...
2024-05-10T21:07:18.823+05:30  INFO 17120 --- [RMI TCP Connection(199)-127.0.0.1] com.zaxxer.hikari.HikariDataSource       : HikariPool-7 - Shutdown completed.
2024-05-10T21:07:25.811+05:30  INFO 3424 --- [restartedMain] com.cafe.CafeManagementApplication       : Starting CafeManagementApplication using Java 17.0.10 with PID 3424 (D:\Project\Cafe-Management\CafeManagmentBackend\Cafe_Management\target\classes started by abhay in D:\Project\Cafe-Management\CafeManagmentBackend\Cafe_Management)
2024-05-10T21:07:25.814+05:30  INFO 3424 --- [restartedMain] com.cafe.CafeManagementApplication       : No active profile set, falling back to 1 default profile: "default"
2024-05-10T21:07:25.873+05:30  INFO 3424 --- [restartedMain] .e.DevToolsPropertyDefaultsPostProcessor : Devtools property defaults active! Set 'spring.devtools.add-properties' to 'false' to disable
2024-05-10T21:07:25.874+05:30  INFO 3424 --- [restartedMain] .e.DevToolsPropertyDefaultsPostProcessor : For additional web related logging consider setting the 'logging.level.web' property to 'DEBUG'
2024-05-10T21:07:26.626+05:30  INFO 3424 --- [restartedMain] .s.d.r.c.RepositoryConfigurationDelegate : Bootstrapping Spring Data JPA repositories in DEFAULT mode.
2024-05-10T21:07:26.711+05:30  INFO 3424 --- [restartedMain] .s.d.r.c.RepositoryConfigurationDelegate : Finished Spring Data repository scanning in 69 ms. Found 9 JPA repository interfaces.
2024-05-10T21:07:26.986+05:30  WARN 3424 --- [restartedMain] trationDelegate$BeanPostProcessorChecker : Bean 'org.springframework.ws.config.annotation.DelegatingWsConfiguration' of type [org.springframework.ws.config.annotation.DelegatingWsConfiguration$$SpringCGLIB$$0] is not eligible for getting processed by all BeanPostProcessors (for example: not eligible for auto-proxying). The currently created BeanPostProcessor [annotationActionEndpointMapping] is declared through a non-static factory method on that class; consider declaring it as static instead.
2024-05-10T21:07:27.037+05:30  INFO 3424 --- [restartedMain] .w.s.a.s.AnnotationActionEndpointMapping : Supporting [WS-Addressing August 2004, WS-Addressing 1.0]
2024-05-10T21:07:27.302+05:30  INFO 3424 --- [restartedMain] o.s.b.w.embedded.tomcat.TomcatWebServer  : Tomcat initialized with port 8080 (http)
2024-05-10T21:07:27.319+05:30  INFO 3424 --- [restartedMain] o.apache.catalina.core.StandardService   : Starting service [Tomcat]
2024-05-10T21:07:27.319+05:30  INFO 3424 --- [restartedMain] o.apache.catalina.core.StandardEngine    : Starting Servlet engine: [Apache Tomcat/10.1.17]
2024-05-10T21:07:27.375+05:30  INFO 3424 --- [restartedMain] o.a.c.c.C.[Tomcat].[localhost].[/]       : Initializing Spring embedded WebApplicationContext
2024-05-10T21:07:27.376+05:30  INFO 3424 --- [restartedMain] w.s.c.ServletWebServerApplicationContext : Root WebApplicationContext: initialization completed in 1502 ms
2024-05-10T21:07:27.533+05:30  INFO 3424 --- [restartedMain] o.hibernate.jpa.internal.util.LogHelper  : HHH000204: Processing PersistenceUnitInfo [name: default]
2024-05-10T21:07:27.597+05:30  INFO 3424 --- [restartedMain] org.hibernate.Version                    : HHH000412: Hibernate ORM core version 6.4.1.Final
2024-05-10T21:07:27.643+05:30  INFO 3424 --- [restartedMain] o.h.c.internal.RegionFactoryInitiator    : HHH000026: Second-level cache disabled
2024-05-10T21:07:27.883+05:30  INFO 3424 --- [restartedMain] o.s.o.j.p.SpringPersistenceUnitInfo      : No LoadTimeWeaver setup: ignoring JPA class transformer
2024-05-10T21:07:27.921+05:30  INFO 3424 --- [restartedMain] com.zaxxer.hikari.HikariDataSource       : HikariPool-1 - Starting...
2024-05-10T21:07:28.088+05:30  INFO 3424 --- [restartedMain] com.zaxxer.hikari.pool.HikariPool        : HikariPool-1 - Added connection com.mysql.cj.jdbc.ConnectionImpl@6f017186
2024-05-10T21:07:28.090+05:30  INFO 3424 --- [restartedMain] com.zaxxer.hikari.HikariDataSource       : HikariPool-1 - Start completed.
2024-05-10T21:07:28.162+05:30  WARN 3424 --- [restartedMain] org.hibernate.orm.deprecation            : HHH90000025: MySQL8Dialect does not need to be specified explicitly using 'hibernate.dialect' (remove the property setting and it will be selected by default)
2024-05-10T21:07:28.163+05:30  WARN 3424 --- [restartedMain] org.hibernate.orm.deprecation            : HHH90000026: MySQL8Dialect has been deprecated; use org.hibernate.dialect.MySQLDialect instead
2024-05-10T21:07:29.050+05:30  INFO 3424 --- [restartedMain] o.h.e.t.j.p.i.JtaPlatformInitiator       : HHH000489: No JTA platform available (set 'hibernate.transaction.jta.platform' to enable JTA platform integration)
2024-05-10T21:07:29.111+05:30  INFO 3424 --- [restartedMain] j.LocalContainerEntityManagerFactoryBean : Initialized JPA EntityManagerFactory for persistence unit 'default'
2024-05-10T21:07:29.549+05:30  WARN 3424 --- [restartedMain] JpaBaseConfiguration$JpaWebConfiguration : spring.jpa.open-in-view is enabled by default. Therefore, database queries may be performed during view rendering. Explicitly configure spring.jpa.open-in-view to disable this warning
2024-05-10T21:07:29.943+05:30  INFO 3424 --- [restartedMain] o.s.b.d.a.OptionalLiveReloadServer       : LiveReload server is running on port 35729
2024-05-10T21:07:29.986+05:30  INFO 3424 --- [restartedMain] o.s.b.w.embedded.tomcat.TomcatWebServer  : Tomcat started on port 8080 (http) with context path ''
2024-05-10T21:07:30.000+05:30  INFO 3424 --- [restartedMain] com.cafe.CafeManagementApplication       : Started CafeManagementApplication in 4.609 seconds (process running for 5.55)
2024-05-10T21:07:35.932+05:30  INFO 3424 --- [http-nio-8080-exec-1] o.a.c.c.C.[Tomcat].[localhost].[/]       : Initializing Spring DispatcherServlet 'dispatcherServlet'
2024-05-10T21:07:35.932+05:30  INFO 3424 --- [http-nio-8080-exec-1] o.s.web.servlet.DispatcherServlet        : Initializing Servlet 'dispatcherServlet'
2024-05-10T21:07:35.935+05:30  INFO 3424 --- [http-nio-8080-exec-1] o.s.web.servlet.DispatcherServlet        : Completed initialization in 3 ms
2024-05-10T21:07:35.993+05:30  INFO 3424 --- [http-nio-8080-exec-1] com.cafe.controller.ItemsController      : Get All Items API Call
2024-05-10T21:07:38.081+05:30  INFO 3424 --- [http-nio-8080-exec-3] com.cafe.controller.ItemsController      : Get All Items API Call
2024-05-10T21:07:41.040+05:30  INFO 3424 --- [RMI TCP Connection(2)-127.0.0.1] inMXBeanRegistrar$SpringApplicationAdmin : Application shutdown requested.
2024-05-10T21:07:41.051+05:30  INFO 3424 --- [RMI TCP Connection(2)-127.0.0.1] j.LocalContainerEntityManagerFactoryBean : Closing JPA EntityManagerFactory for persistence unit 'default'
2024-05-10T21:07:41.057+05:30  INFO 3424 --- [RMI TCP Connection(2)-127.0.0.1] com.zaxxer.hikari.HikariDataSource       : HikariPool-1 - Shutdown initiated...
2024-05-10T21:07:41.069+05:30  INFO 3424 --- [RMI TCP Connection(2)-127.0.0.1] com.zaxxer.hikari.HikariDataSource       : HikariPool-1 - Shutdown completed.
2024-05-10T21:07:45.663+05:30  INFO 19796 --- [restartedMain] com.cafe.CafeManagementApplication       : Starting CafeManagementApplication using Java 17.0.10 with PID 19796 (D:\Project\Cafe-Management\CafeManagmentBackend\Cafe_Management\target\classes started by abhay in D:\Project\Cafe-Management\CafeManagmentBackend\Cafe_Management)
2024-05-10T21:07:45.667+05:30  INFO 19796 --- [restartedMain] com.cafe.CafeManagementApplication       : No active profile set, falling back to 1 default profile: "default"
2024-05-10T21:07:45.732+05:30  INFO 19796 --- [restartedMain] .e.DevToolsPropertyDefaultsPostProcessor : Devtools property defaults active! Set 'spring.devtools.add-properties' to 'false' to disable
2024-05-10T21:07:45.733+05:30  INFO 19796 --- [restartedMain] .e.DevToolsPropertyDefaultsPostProcessor : For additional web related logging consider setting the 'logging.level.web' property to 'DEBUG'
2024-05-10T21:07:46.522+05:30  INFO 19796 --- [restartedMain] .s.d.r.c.RepositoryConfigurationDelegate : Bootstrapping Spring Data JPA repositories in DEFAULT mode.
2024-05-10T21:07:46.614+05:30  INFO 19796 --- [restartedMain] .s.d.r.c.RepositoryConfigurationDelegate : Finished Spring Data repository scanning in 85 ms. Found 9 JPA repository interfaces.
2024-05-10T21:07:46.999+05:30  WARN 19796 --- [restartedMain] trationDelegate$BeanPostProcessorChecker : Bean 'org.springframework.ws.config.annotation.DelegatingWsConfiguration' of type [org.springframework.ws.config.annotation.DelegatingWsConfiguration$$SpringCGLIB$$0] is not eligible for getting processed by all BeanPostProcessors (for example: not eligible for auto-proxying). The currently created BeanPostProcessor [annotationActionEndpointMapping] is declared through a non-static factory method on that class; consider declaring it as static instead.
2024-05-10T21:07:47.045+05:30  INFO 19796 --- [restartedMain] .w.s.a.s.AnnotationActionEndpointMapping : Supporting [WS-Addressing August 2004, WS-Addressing 1.0]
2024-05-10T21:07:47.338+05:30  INFO 19796 --- [restartedMain] o.s.b.w.embedded.tomcat.TomcatWebServer  : Tomcat initialized with port 8080 (http)
2024-05-10T21:07:47.349+05:30  INFO 19796 --- [restartedMain] o.apache.catalina.core.StandardService   : Starting service [Tomcat]
2024-05-10T21:07:47.350+05:30  INFO 19796 --- [restartedMain] o.apache.catalina.core.StandardEngine    : Starting Servlet engine: [Apache Tomcat/10.1.17]
2024-05-10T21:07:47.406+05:30  INFO 19796 --- [restartedMain] o.a.c.c.C.[Tomcat].[localhost].[/]       : Initializing Spring embedded WebApplicationContext
2024-05-10T21:07:47.406+05:30  INFO 19796 --- [restartedMain] w.s.c.ServletWebServerApplicationContext : Root WebApplicationContext: initialization completed in 1673 ms
2024-05-10T21:07:47.621+05:30  INFO 19796 --- [restartedMain] o.hibernate.jpa.internal.util.LogHelper  : HHH000204: Processing PersistenceUnitInfo [name: default]
2024-05-10T21:07:47.713+05:30  INFO 19796 --- [restartedMain] org.hibernate.Version                    : HHH000412: Hibernate ORM core version 6.4.1.Final
2024-05-10T21:07:47.746+05:30  INFO 19796 --- [restartedMain] o.h.c.internal.RegionFactoryInitiator    : HHH000026: Second-level cache disabled
2024-05-10T21:07:47.972+05:30  INFO 19796 --- [restartedMain] o.s.o.j.p.SpringPersistenceUnitInfo      : No LoadTimeWeaver setup: ignoring JPA class transformer
2024-05-10T21:07:48.002+05:30  INFO 19796 --- [restartedMain] com.zaxxer.hikari.HikariDataSource       : HikariPool-1 - Starting...
2024-05-10T21:07:48.170+05:30  INFO 19796 --- [restartedMain] com.zaxxer.hikari.pool.HikariPool        : HikariPool-1 - Added connection com.mysql.cj.jdbc.ConnectionImpl@401a86c
2024-05-10T21:07:48.173+05:30  INFO 19796 --- [restartedMain] com.zaxxer.hikari.HikariDataSource       : HikariPool-1 - Start completed.
2024-05-10T21:07:48.228+05:30  WARN 19796 --- [restartedMain] org.hibernate.orm.deprecation            : HHH90000025: MySQL8Dialect does not need to be specified explicitly using 'hibernate.dialect' (remove the property setting and it will be selected by default)
2024-05-10T21:07:48.230+05:30  WARN 19796 --- [restartedMain] org.hibernate.orm.deprecation            : HHH90000026: MySQL8Dialect has been deprecated; use org.hibernate.dialect.MySQLDialect instead
2024-05-10T21:07:49.116+05:30  INFO 19796 --- [restartedMain] o.h.e.t.j.p.i.JtaPlatformInitiator       : HHH000489: No JTA platform available (set 'hibernate.transaction.jta.platform' to enable JTA platform integration)
2024-05-10T21:07:49.186+05:30  INFO 19796 --- [restartedMain] j.LocalContainerEntityManagerFactoryBean : Initialized JPA EntityManagerFactory for persistence unit 'default'
2024-05-10T21:07:49.791+05:30  WARN 19796 --- [restartedMain] JpaBaseConfiguration$JpaWebConfiguration : spring.jpa.open-in-view is enabled by default. Therefore, database queries may be performed during view rendering. Explicitly configure spring.jpa.open-in-view to disable this warning
2024-05-10T21:07:50.234+05:30  INFO 19796 --- [restartedMain] o.s.b.d.a.OptionalLiveReloadServer       : LiveReload server is running on port 35729
2024-05-10T21:07:50.302+05:30  INFO 19796 --- [restartedMain] o.s.b.w.embedded.tomcat.TomcatWebServer  : Tomcat started on port 8080 (http) with context path ''
2024-05-10T21:07:50.313+05:30  INFO 19796 --- [restartedMain] com.cafe.CafeManagementApplication       : Started CafeManagementApplication in 5.088 seconds (process running for 6.339)
2024-05-10T21:07:52.889+05:30  INFO 19796 --- [http-nio-8080-exec-1] o.a.c.c.C.[Tomcat].[localhost].[/]       : Initializing Spring DispatcherServlet 'dispatcherServlet'
2024-05-10T21:07:52.889+05:30  INFO 19796 --- [http-nio-8080-exec-1] o.s.web.servlet.DispatcherServlet        : Initializing Servlet 'dispatcherServlet'
2024-05-10T21:07:52.891+05:30  INFO 19796 --- [http-nio-8080-exec-1] o.s.web.servlet.DispatcherServlet        : Completed initialization in 2 ms
2024-05-10T21:07:52.928+05:30  INFO 19796 --- [http-nio-8080-exec-1] com.cafe.controller.ItemsController      : Get All Items API Call
2024-05-10T21:07:56.048+05:30  INFO 19796 --- [http-nio-8080-exec-3] com.cafe.controller.ItemsController      : Get All Items API Call
2024-05-10T21:08:12.867+05:30  INFO 19796 --- [File Watcher] rtingClassPathChangeChangedEventListener : Restarting due to 1 class path change (0 additions, 0 deletions, 1 modification)
2024-05-10T21:08:12.907+05:30  INFO 19796 --- [Thread-5] j.LocalContainerEntityManagerFactoryBean : Closing JPA EntityManagerFactory for persistence unit 'default'
2024-05-10T21:08:12.911+05:30  INFO 19796 --- [Thread-5] com.zaxxer.hikari.HikariDataSource       : HikariPool-1 - Shutdown initiated...
2024-05-10T21:08:12.933+05:30  INFO 19796 --- [Thread-5] com.zaxxer.hikari.HikariDataSource       : HikariPool-1 - Shutdown completed.
2024-05-10T21:08:13.060+05:30  INFO 19796 --- [restartedMain] com.cafe.CafeManagementApplication       : Starting CafeManagementApplication using Java 17.0.10 with PID 19796 (D:\Project\Cafe-Management\CafeManagmentBackend\Cafe_Management\target\classes started by abhay in D:\Project\Cafe-Management\CafeManagmentBackend\Cafe_Management)
2024-05-10T21:08:13.062+05:30  INFO 19796 --- [restartedMain] com.cafe.CafeManagementApplication       : No active profile set, falling back to 1 default profile: "default"
2024-05-10T21:08:13.248+05:30  INFO 19796 --- [restartedMain] .s.d.r.c.RepositoryConfigurationDelegate : Bootstrapping Spring Data JPA repositories in DEFAULT mode.
2024-05-10T21:08:13.275+05:30  INFO 19796 --- [restartedMain] .s.d.r.c.RepositoryConfigurationDelegate : Finished Spring Data repository scanning in 27 ms. Found 9 JPA repository interfaces.
2024-05-10T21:08:13.421+05:30  WARN 19796 --- [restartedMain] trationDelegate$BeanPostProcessorChecker : Bean 'org.springframework.ws.config.annotation.DelegatingWsConfiguration' of type [org.springframework.ws.config.annotation.DelegatingWsConfiguration$$SpringCGLIB$$0] is not eligible for getting processed by all BeanPostProcessors (for example: not eligible for auto-proxying). The currently created BeanPostProcessor [annotationActionEndpointMapping] is declared through a non-static factory method on that class; consider declaring it as static instead.
2024-05-10T21:08:13.423+05:30  INFO 19796 --- [restartedMain] .w.s.a.s.AnnotationActionEndpointMapping : Supporting [WS-Addressing August 2004, WS-Addressing 1.0]
2024-05-10T21:08:13.475+05:30  INFO 19796 --- [restartedMain] o.s.b.w.embedded.tomcat.TomcatWebServer  : Tomcat initialized with port 8080 (http)
2024-05-10T21:08:13.476+05:30  INFO 19796 --- [restartedMain] o.apache.catalina.core.StandardService   : Starting service [Tomcat]
2024-05-10T21:08:13.479+05:30  INFO 19796 --- [restartedMain] o.apache.catalina.core.StandardEngine    : Starting Servlet engine: [Apache Tomcat/10.1.17]
2024-05-10T21:08:13.501+05:30  INFO 19796 --- [restartedMain] o.a.c.c.C.[Tomcat].[localhost].[/]       : Initializing Spring embedded WebApplicationContext
2024-05-10T21:08:13.502+05:30  INFO 19796 --- [restartedMain] w.s.c.ServletWebServerApplicationContext : Root WebApplicationContext: initialization completed in 437 ms
2024-05-10T21:08:13.550+05:30  INFO 19796 --- [restartedMain] o.hibernate.jpa.internal.util.LogHelper  : HHH000204: Processing PersistenceUnitInfo [name: default]
2024-05-10T21:08:13.552+05:30  INFO 19796 --- [restartedMain] o.h.c.internal.RegionFactoryInitiator    : HHH000026: Second-level cache disabled
2024-05-10T21:08:13.556+05:30  INFO 19796 --- [restartedMain] o.s.o.j.p.SpringPersistenceUnitInfo      : No LoadTimeWeaver setup: ignoring JPA class transformer
2024-05-10T21:08:13.557+05:30  INFO 19796 --- [restartedMain] com.zaxxer.hikari.HikariDataSource       : HikariPool-2 - Starting...
2024-05-10T21:08:13.562+05:30  INFO 19796 --- [restartedMain] com.zaxxer.hikari.pool.HikariPool        : HikariPool-2 - Added connection com.mysql.cj.jdbc.ConnectionImpl@7076ce9
2024-05-10T21:08:13.563+05:30  INFO 19796 --- [restartedMain] com.zaxxer.hikari.HikariDataSource       : HikariPool-2 - Start completed.
2024-05-10T21:08:13.564+05:30  WARN 19796 --- [restartedMain] org.hibernate.orm.deprecation            : HHH90000025: MySQL8Dialect does not need to be specified explicitly using 'hibernate.dialect' (remove the property setting and it will be selected by default)
2024-05-10T21:08:13.564+05:30  WARN 19796 --- [restartedMain] org.hibernate.orm.deprecation            : HHH90000026: MySQL8Dialect has been deprecated; use org.hibernate.dialect.MySQLDialect instead
2024-05-10T21:08:13.735+05:30  INFO 19796 --- [restartedMain] o.h.e.t.j.p.i.JtaPlatformInitiator       : HHH000489: No JTA platform available (set 'hibernate.transaction.jta.platform' to enable JTA platform integration)
2024-05-10T21:08:13.747+05:30  INFO 19796 --- [restartedMain] j.LocalContainerEntityManagerFactoryBean : Initialized JPA EntityManagerFactory for persistence unit 'default'
2024-05-10T21:08:13.943+05:30  WARN 19796 --- [restartedMain] JpaBaseConfiguration$JpaWebConfiguration : spring.jpa.open-in-view is enabled by default. Therefore, database queries may be performed during view rendering. Explicitly configure spring.jpa.open-in-view to disable this warning
2024-05-10T21:08:14.096+05:30  INFO 19796 --- [restartedMain] o.s.b.d.a.OptionalLiveReloadServer       : LiveReload server is running on port 35729
2024-05-10T21:08:14.114+05:30  INFO 19796 --- [restartedMain] o.s.b.w.embedded.tomcat.TomcatWebServer  : Tomcat started on port 8080 (http) with context path ''
2024-05-10T21:08:14.123+05:30  INFO 19796 --- [restartedMain] com.cafe.CafeManagementApplication       : Started CafeManagementApplication in 1.095 seconds (process running for 30.149)
2024-05-10T21:08:14.128+05:30  INFO 19796 --- [restartedMain] .ConditionEvaluationDeltaLoggingListener : Condition evaluation unchanged
2024-05-10T21:08:15.515+05:30  INFO 19796 --- [File Watcher] rtingClassPathChangeChangedEventListener : Restarting due to 1 class path change (0 additions, 0 deletions, 1 modification)
2024-05-10T21:08:15.535+05:30  INFO 19796 --- [Thread-7] j.LocalContainerEntityManagerFactoryBean : Closing JPA EntityManagerFactory for persistence unit 'default'
2024-05-10T21:08:15.536+05:30  INFO 19796 --- [Thread-7] com.zaxxer.hikari.HikariDataSource       : HikariPool-2 - Shutdown initiated...
2024-05-10T21:08:15.539+05:30  INFO 19796 --- [Thread-7] com.zaxxer.hikari.HikariDataSource       : HikariPool-2 - Shutdown completed.
2024-05-10T21:08:15.624+05:30  INFO 19796 --- [restartedMain] com.cafe.CafeManagementApplication       : Starting CafeManagementApplication using Java 17.0.10 with PID 19796 (D:\Project\Cafe-Management\CafeManagmentBackend\Cafe_Management\target\classes started by abhay in D:\Project\Cafe-Management\CafeManagmentBackend\Cafe_Management)
2024-05-10T21:08:15.625+05:30  INFO 19796 --- [restartedMain] com.cafe.CafeManagementApplication       : No active profile set, falling back to 1 default profile: "default"
2024-05-10T21:08:15.783+05:30  INFO 19796 --- [restartedMain] .s.d.r.c.RepositoryConfigurationDelegate : Bootstrapping Spring Data JPA repositories in DEFAULT mode.
2024-05-10T21:08:15.807+05:30  INFO 19796 --- [restartedMain] .s.d.r.c.RepositoryConfigurationDelegate : Finished Spring Data repository scanning in 23 ms. Found 9 JPA repository interfaces.
2024-05-10T21:08:15.900+05:30  WARN 19796 --- [restartedMain] trationDelegate$BeanPostProcessorChecker : Bean 'org.springframework.ws.config.annotation.DelegatingWsConfiguration' of type [org.springframework.ws.config.annotation.DelegatingWsConfiguration$$SpringCGLIB$$0] is not eligible for getting processed by all BeanPostProcessors (for example: not eligible for auto-proxying). The currently created BeanPostProcessor [annotationActionEndpointMapping] is declared through a non-static factory method on that class; consider declaring it as static instead.
2024-05-10T21:08:15.903+05:30  INFO 19796 --- [restartedMain] .w.s.a.s.AnnotationActionEndpointMapping : Supporting [WS-Addressing August 2004, WS-Addressing 1.0]
2024-05-10T21:08:15.942+05:30  INFO 19796 --- [restartedMain] o.s.b.w.embedded.tomcat.TomcatWebServer  : Tomcat initialized with port 8080 (http)
2024-05-10T21:08:15.943+05:30  INFO 19796 --- [restartedMain] o.apache.catalina.core.StandardService   : Starting service [Tomcat]
2024-05-10T21:08:15.943+05:30  INFO 19796 --- [restartedMain] o.apache.catalina.core.StandardEngine    : Starting Servlet engine: [Apache Tomcat/10.1.17]
2024-05-10T21:08:15.959+05:30  INFO 19796 --- [restartedMain] o.a.c.c.C.[Tomcat].[localhost].[/]       : Initializing Spring embedded WebApplicationContext
2024-05-10T21:08:15.960+05:30  INFO 19796 --- [restartedMain] w.s.c.ServletWebServerApplicationContext : Root WebApplicationContext: initialization completed in 332 ms
2024-05-10T21:08:15.999+05:30  INFO 19796 --- [restartedMain] o.hibernate.jpa.internal.util.LogHelper  : HHH000204: Processing PersistenceUnitInfo [name: default]
2024-05-10T21:08:16.002+05:30  INFO 19796 --- [restartedMain] o.h.c.internal.RegionFactoryInitiator    : HHH000026: Second-level cache disabled
2024-05-10T21:08:16.006+05:30  INFO 19796 --- [restartedMain] o.s.o.j.p.SpringPersistenceUnitInfo      : No LoadTimeWeaver setup: ignoring JPA class transformer
2024-05-10T21:08:16.006+05:30  INFO 19796 --- [restartedMain] com.zaxxer.hikari.HikariDataSource       : HikariPool-3 - Starting...
2024-05-10T21:08:16.010+05:30  INFO 19796 --- [restartedMain] com.zaxxer.hikari.pool.HikariPool        : HikariPool-3 - Added connection com.mysql.cj.jdbc.ConnectionImpl@35ac0717
2024-05-10T21:08:16.011+05:30  INFO 19796 --- [restartedMain] com.zaxxer.hikari.HikariDataSource       : HikariPool-3 - Start completed.
2024-05-10T21:08:16.012+05:30  WARN 19796 --- [restartedMain] org.hibernate.orm.deprecation            : HHH90000025: MySQL8Dialect does not need to be specified explicitly using 'hibernate.dialect' (remove the property setting and it will be selected by default)
2024-05-10T21:08:16.012+05:30  WARN 19796 --- [restartedMain] org.hibernate.orm.deprecation            : HHH90000026: MySQL8Dialect has been deprecated; use org.hibernate.dialect.MySQLDialect instead
2024-05-10T21:08:16.147+05:30  INFO 19796 --- [restartedMain] o.h.e.t.j.p.i.JtaPlatformInitiator       : HHH000489: No JTA platform available (set 'hibernate.transaction.jta.platform' to enable JTA platform integration)
2024-05-10T21:08:16.162+05:30  INFO 19796 --- [restartedMain] j.LocalContainerEntityManagerFactoryBean : Initialized JPA EntityManagerFactory for persistence unit 'default'
2024-05-10T21:08:16.343+05:30  WARN 19796 --- [restartedMain] JpaBaseConfiguration$JpaWebConfiguration : spring.jpa.open-in-view is enabled by default. Therefore, database queries may be performed during view rendering. Explicitly configure spring.jpa.open-in-view to disable this warning
2024-05-10T21:08:16.467+05:30  INFO 19796 --- [restartedMain] o.s.b.d.a.OptionalLiveReloadServer       : LiveReload server is running on port 35729
2024-05-10T21:08:16.491+05:30  INFO 19796 --- [restartedMain] o.s.b.w.embedded.tomcat.TomcatWebServer  : Tomcat started on port 8080 (http) with context path ''
2024-05-10T21:08:16.497+05:30  INFO 19796 --- [restartedMain] com.cafe.CafeManagementApplication       : Started CafeManagementApplication in 0.899 seconds (process running for 32.523)
2024-05-10T21:08:16.500+05:30  INFO 19796 --- [restartedMain] .ConditionEvaluationDeltaLoggingListener : Condition evaluation unchanged
2024-05-10T21:08:18.889+05:30  INFO 19796 --- [File Watcher] rtingClassPathChangeChangedEventListener : Restarting due to 1 class path change (0 additions, 0 deletions, 1 modification)
2024-05-10T21:08:18.904+05:30  INFO 19796 --- [Thread-11] j.LocalContainerEntityManagerFactoryBean : Closing JPA EntityManagerFactory for persistence unit 'default'
2024-05-10T21:08:18.905+05:30  INFO 19796 --- [Thread-11] com.zaxxer.hikari.HikariDataSource       : HikariPool-3 - Shutdown initiated...
2024-05-10T21:08:18.909+05:30  INFO 19796 --- [Thread-11] com.zaxxer.hikari.HikariDataSource       : HikariPool-3 - Shutdown completed.
2024-05-10T21:08:18.987+05:30  INFO 19796 --- [restartedMain] com.cafe.CafeManagementApplication       : Starting CafeManagementApplication using Java 17.0.10 with PID 19796 (D:\Project\Cafe-Management\CafeManagmentBackend\Cafe_Management\target\classes started by abhay in D:\Project\Cafe-Management\CafeManagmentBackend\Cafe_Management)
2024-05-10T21:08:18.987+05:30  INFO 19796 --- [restartedMain] com.cafe.CafeManagementApplication       : No active profile set, falling back to 1 default profile: "default"
2024-05-10T21:08:19.140+05:30  INFO 19796 --- [restartedMain] .s.d.r.c.RepositoryConfigurationDelegate : Bootstrapping Spring Data JPA repositories in DEFAULT mode.
2024-05-10T21:08:19.162+05:30  INFO 19796 --- [restartedMain] .s.d.r.c.RepositoryConfigurationDelegate : Finished Spring Data repository scanning in 21 ms. Found 9 JPA repository interfaces.
2024-05-10T21:08:19.226+05:30  WARN 19796 --- [restartedMain] trationDelegate$BeanPostProcessorChecker : Bean 'org.springframework.ws.config.annotation.DelegatingWsConfiguration' of type [org.springframework.ws.config.annotation.DelegatingWsConfiguration$$SpringCGLIB$$0] is not eligible for getting processed by all BeanPostProcessors (for example: not eligible for auto-proxying). The currently created BeanPostProcessor [annotationActionEndpointMapping] is declared through a non-static factory method on that class; consider declaring it as static instead.
2024-05-10T21:08:19.228+05:30  INFO 19796 --- [restartedMain] .w.s.a.s.AnnotationActionEndpointMapping : Supporting [WS-Addressing August 2004, WS-Addressing 1.0]
2024-05-10T21:08:19.261+05:30  INFO 19796 --- [restartedMain] o.s.b.w.embedded.tomcat.TomcatWebServer  : Tomcat initialized with port 8080 (http)
2024-05-10T21:08:19.262+05:30  INFO 19796 --- [restartedMain] o.apache.catalina.core.StandardService   : Starting service [Tomcat]
2024-05-10T21:08:19.262+05:30  INFO 19796 --- [restartedMain] o.apache.catalina.core.StandardEngine    : Starting Servlet engine: [Apache Tomcat/10.1.17]
2024-05-10T21:08:19.281+05:30  INFO 19796 --- [restartedMain] o.a.c.c.C.[Tomcat].[localhost].[/]       : Initializing Spring embedded WebApplicationContext
2024-05-10T21:08:19.281+05:30  INFO 19796 --- [restartedMain] w.s.c.ServletWebServerApplicationContext : Root WebApplicationContext: initialization completed in 292 ms
2024-05-10T21:08:19.322+05:30  INFO 19796 --- [restartedMain] o.hibernate.jpa.internal.util.LogHelper  : HHH000204: Processing PersistenceUnitInfo [name: default]
2024-05-10T21:08:19.325+05:30  INFO 19796 --- [restartedMain] o.h.c.internal.RegionFactoryInitiator    : HHH000026: Second-level cache disabled
2024-05-10T21:08:19.330+05:30  INFO 19796 --- [restartedMain] o.s.o.j.p.SpringPersistenceUnitInfo      : No LoadTimeWeaver setup: ignoring JPA class transformer
2024-05-10T21:08:19.331+05:30  INFO 19796 --- [restartedMain] com.zaxxer.hikari.HikariDataSource       : HikariPool-4 - Starting...
2024-05-10T21:08:19.335+05:30  INFO 19796 --- [restartedMain] com.zaxxer.hikari.pool.HikariPool        : HikariPool-4 - Added connection com.mysql.cj.jdbc.ConnectionImpl@200d1047
2024-05-10T21:08:19.335+05:30  INFO 19796 --- [restartedMain] com.zaxxer.hikari.HikariDataSource       : HikariPool-4 - Start completed.
2024-05-10T21:08:19.336+05:30  WARN 19796 --- [restartedMain] org.hibernate.orm.deprecation            : HHH90000025: MySQL8Dialect does not need to be specified explicitly using 'hibernate.dialect' (remove the property setting and it will be selected by default)
2024-05-10T21:08:19.337+05:30  WARN 19796 --- [restartedMain] org.hibernate.orm.deprecation            : HHH90000026: MySQL8Dialect has been deprecated; use org.hibernate.dialect.MySQLDialect instead
2024-05-10T21:08:19.440+05:30  INFO 19796 --- [restartedMain] o.h.e.t.j.p.i.JtaPlatformInitiator       : HHH000489: No JTA platform available (set 'hibernate.transaction.jta.platform' to enable JTA platform integration)
2024-05-10T21:08:19.452+05:30  INFO 19796 --- [restartedMain] j.LocalContainerEntityManagerFactoryBean : Initialized JPA EntityManagerFactory for persistence unit 'default'
2024-05-10T21:08:19.645+05:30  WARN 19796 --- [restartedMain] JpaBaseConfiguration$JpaWebConfiguration : spring.jpa.open-in-view is enabled by default. Therefore, database queries may be performed during view rendering. Explicitly configure spring.jpa.open-in-view to disable this warning
2024-05-10T21:08:19.798+05:30  INFO 19796 --- [restartedMain] o.s.b.d.a.OptionalLiveReloadServer       : LiveReload server is running on port 35729
2024-05-10T21:08:19.812+05:30  INFO 19796 --- [restartedMain] o.s.b.w.embedded.tomcat.TomcatWebServer  : Tomcat started on port 8080 (http) with context path ''
2024-05-10T21:08:19.817+05:30  INFO 19796 --- [restartedMain] com.cafe.CafeManagementApplication       : Started CafeManagementApplication in 0.856 seconds (process running for 35.844)
2024-05-10T21:08:19.818+05:30  INFO 19796 --- [restartedMain] .ConditionEvaluationDeltaLoggingListener : Condition evaluation unchanged
2024-05-10T21:08:22.915+05:30  INFO 19796 --- [http-nio-8080-exec-2] o.a.c.c.C.[Tomcat].[localhost].[/]       : Initializing Spring DispatcherServlet 'dispatcherServlet'
2024-05-10T21:08:22.915+05:30  INFO 19796 --- [http-nio-8080-exec-2] o.s.web.servlet.DispatcherServlet        : Initializing Servlet 'dispatcherServlet'
2024-05-10T21:08:22.917+05:30  INFO 19796 --- [http-nio-8080-exec-2] o.s.web.servlet.DispatcherServlet        : Completed initialization in 2 ms
2024-05-10T21:08:22.919+05:30  INFO 19796 --- [http-nio-8080-exec-2] com.cafe.controller.ItemsController      : Get All Items API Call
2024-05-10T21:09:07.412+05:30  INFO 19796 --- [http-nio-8080-exec-3] com.cafe.controller.ItemsController      : Get All Items API Call
